2018-06-19 10:13:49,092 [main] INFO  c.g.e.m.h.c.ui.Html5AppCoreUIPlugin - Pluging started
2018-06-19 10:13:57,357 [Worker-3] INFO  o.e.m.c.i.i.nexus.NexusIndexManager - Updating index for repository: central|http://repo.maven.apache.org/maven2
2018-06-19 10:13:57,592 [Worker-3] INFO  c.n.h.c.p.n.NettyAsyncHttpProvider - Number of application's worked threads is 8
2018-06-19 10:14:55,861 [Worker-1] INFO  c.n.h.c.p.n.NettyAsyncHttpProvider - Number of application's worked threads is 8
2018-06-19 10:14:56,308 [New I/O client worker #2-1] INFO  o.e.m.c.i.e.AbstractTransferListenerAdapter - Downloaded http://repo.maven.apache.org/maven2/org/icefaces/icefaces/1.8.0/icefaces-1.8.0.jar
2018-06-19 10:14:56,526 [Worker-1] INFO  c.n.h.c.p.n.NettyAsyncHttpProvider - Number of application's worked threads is 8
2018-06-19 10:14:56,893 [New I/O client worker #3-1] INFO  o.e.m.c.i.e.AbstractTransferListenerAdapter - Downloading http://repo.maven.apache.org/maven2/org/apache/maven/plugins/maven-clean-plugin/2.4.1/maven-clean-plugin-2.4.1.pom
2018-06-19 10:14:56,898 [New I/O client worker #3-1] INFO  o.e.m.c.i.e.AbstractTransferListenerAdapter - Downloaded http://repo.maven.apache.org/maven2/org/apache/maven/plugins/maven-clean-plugin/2.4.1/maven-clean-plugin-2.4.1.pom
2018-06-19 10:14:57,162 [Worker-1] INFO  c.n.h.c.p.n.NettyAsyncHttpProvider - Number of application's worked threads is 8
2018-06-19 10:14:57,538 [New I/O client worker #4-1] INFO  o.e.m.c.i.e.AbstractTransferListenerAdapter - Downloading http://repo.maven.apache.org/maven2/org/apache/maven/plugins/maven-plugins/18/maven-plugins-18.pom
2018-06-19 10:14:57,547 [New I/O client worker #4-1] INFO  o.e.m.c.i.e.AbstractTransferListenerAdapter - Downloaded http://repo.maven.apache.org/maven2/org/apache/maven/plugins/maven-plugins/18/maven-plugins-18.pom
2018-06-19 10:14:57,983 [Worker-1] INFO  c.n.h.c.p.n.NettyAsyncHttpProvider - Number of application's worked threads is 8
2018-06-19 10:14:58,353 [New I/O client worker #5-1] INFO  o.e.m.c.i.e.AbstractTransferListenerAdapter - Downloading http://repo.maven.apache.org/maven2/org/apache/maven/plugins/maven-clean-plugin/2.4.1/maven-clean-plugin-2.4.1.jar
2018-06-19 10:14:58,551 [New I/O client worker #5-1] INFO  o.e.m.c.i.e.AbstractTransferListenerAdapter - Downloaded http://repo.maven.apache.org/maven2/org/apache/maven/plugins/maven-clean-plugin/2.4.1/maven-clean-plugin-2.4.1.jar
2018-06-19 10:14:59,546 [Worker-1] INFO  c.n.h.c.p.n.NettyAsyncHttpProvider - Number of application's worked threads is 8
2018-06-19 10:14:59,924 [New I/O client worker #6-1] INFO  o.e.m.c.i.e.AbstractTransferListenerAdapter - Downloading http://repo.maven.apache.org/maven2/org/apache/maven/plugins/maven-install-plugin/2.3.1/maven-install-plugin-2.3.1.pom
2018-06-19 10:14:59,930 [New I/O client worker #6-1] INFO  o.e.m.c.i.e.AbstractTransferListenerAdapter - Downloaded http://repo.maven.apache.org/maven2/org/apache/maven/plugins/maven-install-plugin/2.3.1/maven-install-plugin-2.3.1.pom
2018-06-19 10:15:00,180 [Worker-1] INFO  c.n.h.c.p.n.NettyAsyncHttpProvider - Number of application's worked threads is 8
2018-06-19 10:15:00,559 [New I/O client worker #7-1] INFO  o.e.m.c.i.e.AbstractTransferListenerAdapter - Downloading http://repo.maven.apache.org/maven2/org/apache/maven/plugins/maven-install-plugin/2.3.1/maven-install-plugin-2.3.1.jar
2018-06-19 10:15:00,780 [New I/O client worker #7-1] INFO  o.e.m.c.i.e.AbstractTransferListenerAdapter - Downloaded http://repo.maven.apache.org/maven2/org/apache/maven/plugins/maven-install-plugin/2.3.1/maven-install-plugin-2.3.1.jar
2018-06-19 10:15:03,279 [Worker-1] INFO  o.e.m.c.i.embedder.EclipseLogger - Installing C:\Users\Administrator\MyEclipse Professional 2014\plugins\com.genuitec.eclipse.icefaces_11.0.1.me201308151823\data\1.8.0\ICEfaces\icefaces.jar to C:\Users\Administrator\.m2\repository\org\icefaces\icefaces\1.8.0\icefaces-1.8.0.jar
2018-06-19 10:15:03,968 [Worker-1] INFO  o.e.m.c.i.embedder.EclipseLogger - Installing C:\Users\ADMINI~1\AppData\Local\Temp\mvninstall2062178009675770029.pom to C:\Users\Administrator\.m2\repository\org\icefaces\icefaces\1.8.0\icefaces-1.8.0.pom
2018-06-19 10:15:04,009 [Worker-1] INFO  c.n.h.c.p.n.NettyAsyncHttpProvider - Number of application's worked threads is 8
2018-06-19 10:15:04,377 [New I/O client worker #8-1] INFO  o.e.m.c.i.e.AbstractTransferListenerAdapter - Downloaded http://repo.maven.apache.org/maven2/org/icefaces/icefaces/1.7.2/icefaces-1.7.2.jar
2018-06-19 10:15:04,423 [Worker-1] INFO  o.e.m.c.i.embedder.EclipseLogger - Installing C:\Users\Administrator\MyEclipse Professional 2014\plugins\com.genuitec.eclipse.icefaces_11.0.1.me201308151823\data\1.7.2\ICEfaces\icefaces.jar to C:\Users\Administrator\.m2\repository\org\icefaces\icefaces\1.7.2\icefaces-1.7.2.jar
2018-06-19 10:15:04,707 [Worker-1] INFO  o.e.m.c.i.embedder.EclipseLogger - Installing C:\Users\ADMINI~1\AppData\Local\Temp\mvninstall4670974496435444924.pom to C:\Users\Administrator\.m2\repository\org\icefaces\icefaces\1.7.2\icefaces-1.7.2.pom
2018-06-19 10:15:04,742 [Worker-1] INFO  c.n.h.c.p.n.NettyAsyncHttpProvider - Number of application's worked threads is 8
2018-06-19 10:15:05,119 [New I/O client worker #9-1] INFO  o.e.m.c.i.e.AbstractTransferListenerAdapter - Downloaded http://repo.maven.apache.org/maven2/org/icefaces/icefaces/1.7.1/icefaces-1.7.1.jar
2018-06-19 10:15:05,156 [Worker-1] INFO  o.e.m.c.i.embedder.EclipseLogger - Installing C:\Users\Administrator\MyEclipse Professional 2014\plugins\com.genuitec.eclipse.icefaces_11.0.1.me201308151823\data\1.7.1\ICEfaces\icefaces.jar to C:\Users\Administrator\.m2\repository\org\icefaces\icefaces\1.7.1\icefaces-1.7.1.jar
2018-06-19 10:15:05,699 [Worker-1] INFO  o.e.m.c.i.embedder.EclipseLogger - Installing C:\Users\ADMINI~1\AppData\Local\Temp\mvninstall7348846589816441700.pom to C:\Users\Administrator\.m2\repository\org\icefaces\icefaces\1.7.1\icefaces-1.7.1.pom
2018-06-19 10:15:05,730 [Worker-1] INFO  c.n.h.c.p.n.NettyAsyncHttpProvider - Number of application's worked threads is 8
2018-06-19 10:15:06,107 [New I/O client worker #10-1] INFO  o.e.m.c.i.e.AbstractTransferListenerAdapter - Downloaded http://repo.maven.apache.org/maven2/org/icefaces/icefaces/1.7.0/icefaces-1.7.0.jar
2018-06-19 10:15:06,138 [Worker-1] INFO  o.e.m.c.i.embedder.EclipseLogger - Installing C:\Users\Administrator\MyEclipse Professional 2014\plugins\com.genuitec.eclipse.icefaces_11.0.1.me201308151823\data\1.7.0\ICEfaces\icefaces.jar to C:\Users\Administrator\.m2\repository\org\icefaces\icefaces\1.7.0\icefaces-1.7.0.jar
2018-06-19 10:15:06,722 [Worker-1] INFO  o.e.m.c.i.embedder.EclipseLogger - Installing C:\Users\ADMINI~1\AppData\Local\Temp\mvninstall8262308096867526166.pom to C:\Users\Administrator\.m2\repository\org\icefaces\icefaces\1.7.0\icefaces-1.7.0.pom
2018-06-19 10:15:06,759 [Worker-1] INFO  c.n.h.c.p.n.NettyAsyncHttpProvider - Number of application's worked threads is 8
2018-06-19 10:15:07,144 [New I/O client worker #11-1] INFO  o.e.m.c.i.e.AbstractTransferListenerAdapter - Downloaded http://repo.maven.apache.org/maven2/org/icefaces/icefaces/1.6.2/icefaces-1.6.2.jar
2018-06-19 10:15:07,186 [Worker-1] INFO  o.e.m.c.i.embedder.EclipseLogger - Installing C:\Users\Administrator\MyEclipse Professional 2014\plugins\com.genuitec.eclipse.icefaces_11.0.1.me201308151823\data\1.6.2\ICEfaces\icefaces.jar to C:\Users\Administrator\.m2\repository\org\icefaces\icefaces\1.6.2\icefaces-1.6.2.jar
2018-06-19 10:15:07,484 [Worker-1] INFO  o.e.m.c.i.embedder.EclipseLogger - Installing C:\Users\ADMINI~1\AppData\Local\Temp\mvninstall7719896571380525560.pom to C:\Users\Administrator\.m2\repository\org\icefaces\icefaces\1.6.2\icefaces-1.6.2.pom
2018-06-19 10:15:07,521 [Worker-1] INFO  c.n.h.c.p.n.NettyAsyncHttpProvider - Number of application's worked threads is 8
2018-06-19 10:15:07,894 [New I/O client worker #12-1] INFO  o.e.m.c.i.e.AbstractTransferListenerAdapter - Downloaded http://repo.maven.apache.org/maven2/org/icefaces/icefaces/1.6.1/icefaces-1.6.1.jar
2018-06-19 10:15:07,927 [Worker-1] INFO  o.e.m.c.i.embedder.EclipseLogger - Installing C:\Users\Administrator\MyEclipse Professional 2014\plugins\com.genuitec.eclipse.icefaces_11.0.1.me201308151823\data\1.6.1\ICEfaces\icefaces.jar to C:\Users\Administrator\.m2\repository\org\icefaces\icefaces\1.6.1\icefaces-1.6.1.jar
2018-06-19 10:15:08,541 [Worker-1] INFO  o.e.m.c.i.embedder.EclipseLogger - Installing C:\Users\ADMINI~1\AppData\Local\Temp\mvninstall9177121818361010663.pom to C:\Users\Administrator\.m2\repository\org\icefaces\icefaces\1.6.1\icefaces-1.6.1.pom
2018-06-19 10:15:08,566 [Worker-1] INFO  c.n.h.c.p.n.NettyAsyncHttpProvider - Number of application's worked threads is 8
2018-06-19 10:15:08,949 [New I/O client worker #13-1] INFO  o.e.m.c.i.e.AbstractTransferListenerAdapter - Downloaded http://repo.maven.apache.org/maven2/org/icepush/icepush/2.0.2/icepush-2.0.2.jar
2018-06-19 10:15:08,983 [Worker-1] INFO  o.e.m.c.i.embedder.EclipseLogger - Installing C:\Users\Administrator\MyEclipse Professional 2014\plugins\com.genuitec.eclipse.icefaces_11.0.1.me201308151823\data\org.icepush\icepush\2.0\icepush.jar to C:\Users\Administrator\.m2\repository\org\icepush\icepush\2.0.2\icepush-2.0.2.jar
2018-06-19 10:15:09,297 [Worker-1] INFO  o.e.m.c.i.embedder.EclipseLogger - Installing C:\Users\ADMINI~1\AppData\Local\Temp\mvninstall6571563733315107908.pom to C:\Users\Administrator\.m2\repository\org\icepush\icepush\2.0.2\icepush-2.0.2.pom
2018-06-19 10:15:09,333 [Worker-1] INFO  c.n.h.c.p.n.NettyAsyncHttpProvider - Number of application's worked threads is 8
2018-06-19 10:15:09,720 [New I/O client worker #14-1] INFO  o.e.m.c.i.e.AbstractTransferListenerAdapter - Downloaded http://repo.maven.apache.org/maven2/org/icefaces/icefaces-comps/1.8.0/icefaces-comps-1.8.0.jar
2018-06-19 10:15:09,761 [Worker-1] INFO  o.e.m.c.i.embedder.EclipseLogger - Installing C:\Users\Administrator\MyEclipse Professional 2014\plugins\com.genuitec.eclipse.icefaces_11.0.1.me201308151823\data\1.8.0\ICEfaces\icefaces-comps.jar to C:\Users\Administrator\.m2\repository\org\icefaces\icefaces-comps\1.8.0\icefaces-comps-1.8.0.jar
2018-06-19 10:15:10,351 [Worker-1] INFO  o.e.m.c.i.embedder.EclipseLogger - Installing C:\Users\ADMINI~1\AppData\Local\Temp\mvninstall4651766669555778203.pom to C:\Users\Administrator\.m2\repository\org\icefaces\icefaces-comps\1.8.0\icefaces-comps-1.8.0.pom
2018-06-19 10:15:10,385 [Worker-1] INFO  c.n.h.c.p.n.NettyAsyncHttpProvider - Number of application's worked threads is 8
2018-06-19 10:15:10,773 [New I/O client worker #15-1] INFO  o.e.m.c.i.e.AbstractTransferListenerAdapter - Downloaded http://repo.maven.apache.org/maven2/org/icefaces/icefaces-comps/1.7.2/icefaces-comps-1.7.2.jar
2018-06-19 10:15:10,814 [Worker-1] INFO  o.e.m.c.i.embedder.EclipseLogger - Installing C:\Users\Administrator\MyEclipse Professional 2014\plugins\com.genuitec.eclipse.icefaces_11.0.1.me201308151823\data\1.7.2\ICEfaces\icefaces-comps.jar to C:\Users\Administrator\.m2\repository\org\icefaces\icefaces-comps\1.7.2\icefaces-comps-1.7.2.jar
2018-06-19 10:15:11,314 [Worker-1] INFO  o.e.m.c.i.embedder.EclipseLogger - Installing C:\Users\ADMINI~1\AppData\Local\Temp\mvninstall6957234077130650469.pom to C:\Users\Administrator\.m2\repository\org\icefaces\icefaces-comps\1.7.2\icefaces-comps-1.7.2.pom
2018-06-19 10:15:11,345 [Worker-1] INFO  c.n.h.c.p.n.NettyAsyncHttpProvider - Number of application's worked threads is 8
2018-06-19 10:15:13,644 [New I/O client worker #16-1] INFO  o.e.m.c.i.e.AbstractTransferListenerAdapter - Downloaded http://repo.maven.apache.org/maven2/org/icefaces/icefaces-comps/1.7.1/icefaces-comps-1.7.1.jar
2018-06-19 10:15:13,682 [Worker-1] INFO  o.e.m.c.i.embedder.EclipseLogger - Installing C:\Users\Administrator\MyEclipse Professional 2014\plugins\com.genuitec.eclipse.icefaces_11.0.1.me201308151823\data\1.7.1\ICEfaces\icefaces-comps.jar to C:\Users\Administrator\.m2\repository\org\icefaces\icefaces-comps\1.7.1\icefaces-comps-1.7.1.jar
2018-06-19 10:15:14,700 [Worker-1] INFO  o.e.m.c.i.embedder.EclipseLogger - Installing C:\Users\ADMINI~1\AppData\Local\Temp\mvninstall8058190296132730329.pom to C:\Users\Administrator\.m2\repository\org\icefaces\icefaces-comps\1.7.1\icefaces-comps-1.7.1.pom
2018-06-19 10:15:14,725 [Worker-1] INFO  c.n.h.c.p.n.NettyAsyncHttpProvider - Number of application's worked threads is 8
2018-06-19 10:15:15,123 [New I/O client worker #17-1] INFO  o.e.m.c.i.e.AbstractTransferListenerAdapter - Downloaded http://repo.maven.apache.org/maven2/org/icefaces/icefaces-comps/1.7.0/icefaces-comps-1.7.0.jar
2018-06-19 10:15:15,161 [Worker-1] INFO  o.e.m.c.i.embedder.EclipseLogger - Installing C:\Users\Administrator\MyEclipse Professional 2014\plugins\com.genuitec.eclipse.icefaces_11.0.1.me201308151823\data\1.7.0\ICEfaces\icefaces-comps.jar to C:\Users\Administrator\.m2\repository\org\icefaces\icefaces-comps\1.7.0\icefaces-comps-1.7.0.jar
2018-06-19 10:15:17,178 [Worker-1] INFO  o.e.m.c.i.embedder.EclipseLogger - Installing C:\Users\ADMINI~1\AppData\Local\Temp\mvninstall3040114817960121970.pom to C:\Users\Administrator\.m2\repository\org\icefaces\icefaces-comps\1.7.0\icefaces-comps-1.7.0.pom
2018-06-19 10:15:17,210 [Worker-1] INFO  c.n.h.c.p.n.NettyAsyncHttpProvider - Number of application's worked threads is 8
2018-06-19 10:15:17,596 [New I/O client worker #18-1] INFO  o.e.m.c.i.e.AbstractTransferListenerAdapter - Downloaded http://repo.maven.apache.org/maven2/org/icefaces/icefaces-comps/1.6.2/icefaces-comps-1.6.2.jar
2018-06-19 10:15:17,633 [Worker-1] INFO  o.e.m.c.i.embedder.EclipseLogger - Installing C:\Users\Administrator\MyEclipse Professional 2014\plugins\com.genuitec.eclipse.icefaces_11.0.1.me201308151823\data\1.6.2\ICEfaces\icefaces-comps.jar to C:\Users\Administrator\.m2\repository\org\icefaces\icefaces-comps\1.6.2\icefaces-comps-1.6.2.jar
2018-06-19 10:15:18,329 [Worker-1] INFO  o.e.m.c.i.embedder.EclipseLogger - Installing C:\Users\ADMINI~1\AppData\Local\Temp\mvninstall7572958831452577875.pom to C:\Users\Administrator\.m2\repository\org\icefaces\icefaces-comps\1.6.2\icefaces-comps-1.6.2.pom
2018-06-19 10:15:18,363 [Worker-1] INFO  c.n.h.c.p.n.NettyAsyncHttpProvider - Number of application's worked threads is 8
2018-06-19 10:15:18,744 [New I/O client worker #19-1] INFO  o.e.m.c.i.e.AbstractTransferListenerAdapter - Downloaded http://repo.maven.apache.org/maven2/org/icefaces/icefaces-comps/1.6.1/icefaces-comps-1.6.1.jar
2018-06-19 10:15:18,780 [Worker-1] INFO  o.e.m.c.i.embedder.EclipseLogger - Installing C:\Users\Administrator\MyEclipse Professional 2014\plugins\com.genuitec.eclipse.icefaces_11.0.1.me201308151823\data\1.6.1\ICEfaces\icefaces-comps.jar to C:\Users\Administrator\.m2\repository\org\icefaces\icefaces-comps\1.6.1\icefaces-comps-1.6.1.jar
2018-06-19 10:15:19,313 [Worker-1] INFO  o.e.m.c.i.embedder.EclipseLogger - Installing C:\Users\ADMINI~1\AppData\Local\Temp\mvninstall5297502707833030467.pom to C:\Users\Administrator\.m2\repository\org\icefaces\icefaces-comps\1.6.1\icefaces-comps-1.6.1.pom
2018-06-19 10:15:19,362 [Worker-1] INFO  c.n.h.c.p.n.NettyAsyncHttpProvider - Number of application's worked threads is 8
2018-06-19 10:15:19,738 [New I/O client worker #20-1] INFO  o.e.m.c.i.e.AbstractTransferListenerAdapter - Downloaded http://repo.maven.apache.org/maven2/org/icefaces/icefaces-facelets/1.8.0/icefaces-facelets-1.8.0.jar
2018-06-19 10:15:19,771 [Worker-1] INFO  o.e.m.c.i.embedder.EclipseLogger - Installing C:\Users\Administrator\MyEclipse Professional 2014\plugins\com.genuitec.eclipse.icefaces_11.0.1.me201308151823\data\1.8.0\ICEfaces-Facelets\icefaces-facelets.jar to C:\Users\Administrator\.m2\repository\org\icefaces\icefaces-facelets\1.8.0\icefaces-facelets-1.8.0.jar
2018-06-19 10:15:20,070 [Worker-1] INFO  o.e.m.c.i.embedder.EclipseLogger - Installing C:\Users\ADMINI~1\AppData\Local\Temp\mvninstall1439836140655511620.pom to C:\Users\Administrator\.m2\repository\org\icefaces\icefaces-facelets\1.8.0\icefaces-facelets-1.8.0.pom
2018-06-19 10:15:20,104 [Worker-1] INFO  c.n.h.c.p.n.NettyAsyncHttpProvider - Number of application's worked threads is 8
2018-06-19 10:15:20,485 [New I/O client worker #21-1] INFO  o.e.m.c.i.e.AbstractTransferListenerAdapter - Downloaded http://repo.maven.apache.org/maven2/org/icefaces/icefaces-facelets/1.7.2/icefaces-facelets-1.7.2.jar
2018-06-19 10:15:20,525 [Worker-1] INFO  o.e.m.c.i.embedder.EclipseLogger - Installing C:\Users\Administrator\MyEclipse Professional 2014\plugins\com.genuitec.eclipse.icefaces_11.0.1.me201308151823\data\1.7.2\ICEfaces-Facelets\icefaces-facelets.jar to C:\Users\Administrator\.m2\repository\org\icefaces\icefaces-facelets\1.7.2\icefaces-facelets-1.7.2.jar
2018-06-19 10:15:21,251 [Worker-1] INFO  o.e.m.c.i.embedder.EclipseLogger - Installing C:\Users\ADMINI~1\AppData\Local\Temp\mvninstall1913451947825761915.pom to C:\Users\Administrator\.m2\repository\org\icefaces\icefaces-facelets\1.7.2\icefaces-facelets-1.7.2.pom
2018-06-19 10:15:21,280 [Worker-1] INFO  c.n.h.c.p.n.NettyAsyncHttpProvider - Number of application's worked threads is 8
2018-06-19 10:15:21,666 [New I/O client worker #22-1] INFO  o.e.m.c.i.e.AbstractTransferListenerAdapter - Downloaded http://repo.maven.apache.org/maven2/org/icefaces/icefaces-facelets/1.7.1/icefaces-facelets-1.7.1.jar
2018-06-19 10:15:21,699 [Worker-1] INFO  o.e.m.c.i.embedder.EclipseLogger - Installing C:\Users\Administrator\MyEclipse Professional 2014\plugins\com.genuitec.eclipse.icefaces_11.0.1.me201308151823\data\1.7.0\ICEfaces-Facelets\icefaces-facelets.jar to C:\Users\Administrator\.m2\repository\org\icefaces\icefaces-facelets\1.7.1\icefaces-facelets-1.7.1.jar
2018-06-19 10:15:22,086 [Worker-1] INFO  o.e.m.c.i.embedder.EclipseLogger - Installing C:\Users\ADMINI~1\AppData\Local\Temp\mvninstall7188269405149163314.pom to C:\Users\Administrator\.m2\repository\org\icefaces\icefaces-facelets\1.7.1\icefaces-facelets-1.7.1.pom
2018-06-19 10:15:22,116 [Worker-1] INFO  c.n.h.c.p.n.NettyAsyncHttpProvider - Number of application's worked threads is 8
2018-06-19 10:15:22,512 [New I/O client worker #23-1] INFO  o.e.m.c.i.e.AbstractTransferListenerAdapter - Downloaded http://repo.maven.apache.org/maven2/org/icefaces/icefaces-facelets/1.7.0/icefaces-facelets-1.7.0.jar
2018-06-19 10:15:22,548 [Worker-1] INFO  o.e.m.c.i.embedder.EclipseLogger - Installing C:\Users\Administrator\MyEclipse Professional 2014\plugins\com.genuitec.eclipse.icefaces_11.0.1.me201308151823\data\1.7.0\ICEfaces-Facelets\icefaces-facelets.jar to C:\Users\Administrator\.m2\repository\org\icefaces\icefaces-facelets\1.7.0\icefaces-facelets-1.7.0.jar
2018-06-19 10:15:22,928 [Worker-1] INFO  o.e.m.c.i.embedder.EclipseLogger - Installing C:\Users\ADMINI~1\AppData\Local\Temp\mvninstall2414670593878947826.pom to C:\Users\Administrator\.m2\repository\org\icefaces\icefaces-facelets\1.7.0\icefaces-facelets-1.7.0.pom
2018-06-19 10:15:22,956 [Worker-1] INFO  c.n.h.c.p.n.NettyAsyncHttpProvider - Number of application's worked threads is 8
2018-06-19 10:15:23,353 [New I/O client worker #24-1] INFO  o.e.m.c.i.e.AbstractTransferListenerAdapter - Downloaded http://repo.maven.apache.org/maven2/org/icefaces/icefaces-facelets/1.6.2/icefaces-facelets-1.6.2.jar
2018-06-19 10:15:23,394 [Worker-1] INFO  o.e.m.c.i.embedder.EclipseLogger - Installing C:\Users\Administrator\MyEclipse Professional 2014\plugins\com.genuitec.eclipse.icefaces_11.0.1.me201308151823\data\1.6.2\ICEfaces-Facelets\icefaces-facelets.jar to C:\Users\Administrator\.m2\repository\org\icefaces\icefaces-facelets\1.6.2\icefaces-facelets-1.6.2.jar
2018-06-19 10:15:23,647 [Worker-1] INFO  o.e.m.c.i.embedder.EclipseLogger - Installing C:\Users\ADMINI~1\AppData\Local\Temp\mvninstall4240037279535938892.pom to C:\Users\Administrator\.m2\repository\org\icefaces\icefaces-facelets\1.6.2\icefaces-facelets-1.6.2.pom
2018-06-19 10:15:23,673 [Worker-1] INFO  c.n.h.c.p.n.NettyAsyncHttpProvider - Number of application's worked threads is 8
2018-06-19 10:15:24,045 [New I/O client worker #25-1] INFO  o.e.m.c.i.e.AbstractTransferListenerAdapter - Downloaded http://repo.maven.apache.org/maven2/org/icefaces/icefaces-facelets/1.6.1/icefaces-facelets-1.6.1.jar
2018-06-19 10:15:24,094 [Worker-1] INFO  o.e.m.c.i.embedder.EclipseLogger - Installing C:\Users\Administrator\MyEclipse Professional 2014\plugins\com.genuitec.eclipse.icefaces_11.0.1.me201308151823\data\1.6.1\ICEfaces-Facelets\icefaces-facelets.jar to C:\Users\Administrator\.m2\repository\org\icefaces\icefaces-facelets\1.6.1\icefaces-facelets-1.6.1.jar
2018-06-19 10:15:24,683 [Worker-1] INFO  o.e.m.c.i.embedder.EclipseLogger - Installing C:\Users\ADMINI~1\AppData\Local\Temp\mvninstall660112092991419210.pom to C:\Users\Administrator\.m2\repository\org\icefaces\icefaces-facelets\1.6.1\icefaces-facelets-1.6.1.pom
2018-06-19 10:15:24,717 [Worker-1] INFO  c.n.h.c.p.n.NettyAsyncHttpProvider - Number of application's worked threads is 8
2018-06-19 10:15:25,108 [New I/O client worker #26-1] INFO  o.e.m.c.i.e.AbstractTransferListenerAdapter - Downloaded http://repo.maven.apache.org/maven2/net/sourceforge/jexcelapi/jxl/2.6.8/jxl-2.6.8.jar
2018-06-19 10:15:25,158 [Worker-1] INFO  o.e.m.c.i.embedder.EclipseLogger - Installing C:\Users\Administrator\MyEclipse Professional 2014\plugins\com.genuitec.eclipse.icefaces_11.0.1.me201308151823\data\net.sourceforge.jexcelapi\jxl\2.6.8\jxl.jar to C:\Users\Administrator\.m2\repository\net\sourceforge\jexcelapi\jxl\2.6.8\jxl-2.6.8.jar
2018-06-19 10:15:26,356 [Worker-1] INFO  o.e.m.c.i.embedder.EclipseLogger - Installing C:\Users\ADMINI~1\AppData\Local\Temp\mvninstall6067162042516259411.pom to C:\Users\Administrator\.m2\repository\net\sourceforge\jexcelapi\jxl\2.6.8\jxl-2.6.8.pom
2018-06-19 10:15:26,385 [Worker-1] INFO  c.n.h.c.p.n.NettyAsyncHttpProvider - Number of application's worked threads is 8
2018-06-19 10:15:26,776 [New I/O client worker #27-1] INFO  o.e.m.c.i.e.AbstractTransferListenerAdapter - Downloaded http://repo.maven.apache.org/maven2/org/icefaces/icefaces-mobi/1.3.0/icefaces-mobi-1.3.0.jar
2018-06-19 10:15:26,810 [Worker-1] INFO  o.e.m.c.i.embedder.EclipseLogger - Installing C:\Users\Administrator\MyEclipse Professional 2014\plugins\com.genuitec.eclipse.icefaces_11.0.1.me201308151823\data\org.icefaces\icefaces-mobi\1.3\icefaces-mobi.jar to C:\Users\Administrator\.m2\repository\org\icefaces\icefaces-mobi\1.3.0\icefaces-mobi-1.3.0.jar
2018-06-19 10:15:27,462 [Worker-1] INFO  o.e.m.c.i.embedder.EclipseLogger - Installing C:\Users\ADMINI~1\AppData\Local\Temp\mvninstall6677076277434002322.pom to C:\Users\Administrator\.m2\repository\org\icefaces\icefaces-mobi\1.3.0\icefaces-mobi-1.3.0.pom
2018-06-19 10:15:27,491 [Worker-1] INFO  c.n.h.c.p.n.NettyAsyncHttpProvider - Number of application's worked threads is 8
2018-06-19 10:15:27,879 [New I/O client worker #28-1] INFO  o.e.m.c.i.e.AbstractTransferListenerAdapter - Downloaded http://repo.maven.apache.org/maven2/org/icepush/icepush/3.0.0/icepush-3.0.0.jar
2018-06-19 10:15:27,916 [Worker-1] INFO  o.e.m.c.i.embedder.EclipseLogger - Installing C:\Users\Administrator\MyEclipse Professional 2014\plugins\com.genuitec.eclipse.icefaces_11.0.1.me201308151823\data\org.icepush\icepush\3.0\icepush.jar to C:\Users\Administrator\.m2\repository\org\icepush\icepush\3.0.0\icepush-3.0.0.jar
2018-06-19 10:15:28,175 [Worker-1] INFO  o.e.m.c.i.embedder.EclipseLogger - Installing C:\Users\ADMINI~1\AppData\Local\Temp\mvninstall2774606424520413337.pom to C:\Users\Administrator\.m2\repository\org\icepush\icepush\3.0.0\icepush-3.0.0.pom
2018-06-19 10:15:28,220 [Worker-1] INFO  c.n.h.c.p.n.NettyAsyncHttpProvider - Number of application's worked threads is 8
2018-06-19 10:15:28,606 [New I/O client worker #29-1] INFO  o.e.m.c.i.e.AbstractTransferListenerAdapter - Downloaded http://repo.maven.apache.org/maven2/javax/activation/activation/1.0.2/activation-1.0.2.jar
2018-06-19 10:15:28,639 [Worker-1] INFO  o.e.m.c.i.embedder.EclipseLogger - Installing C:\Users\Administrator\MyEclipse Professional 2014\plugins\com.genuitec.eclipse.j2eedt.core_11.5.0.me201311281640\data\libraryset\1.4\activation.jar to C:\Users\Administrator\.m2\repository\javax\activation\activation\1.0.2\activation-1.0.2.jar
2018-06-19 10:15:29,284 [Worker-1] INFO  o.e.m.c.i.embedder.EclipseLogger - Installing C:\Users\ADMINI~1\AppData\Local\Temp\mvninstall478710245099708610.pom to C:\Users\Administrator\.m2\repository\javax\activation\activation\1.0.2\activation-1.0.2.pom
2018-06-19 10:15:29,310 [Worker-1] INFO  c.n.h.c.p.n.NettyAsyncHttpProvider - Number of application's worked threads is 8
2018-06-19 10:15:29,699 [New I/O client worker #30-1] INFO  o.e.m.c.i.e.AbstractTransferListenerAdapter - Downloaded http://repo.maven.apache.org/maven2/javax/mail/mail/1.3.1/mail-1.3.1.jar
2018-06-19 10:15:29,740 [Worker-1] INFO  o.e.m.c.i.embedder.EclipseLogger - Installing C:\Users\Administrator\MyEclipse Professional 2014\plugins\com.genuitec.eclipse.j2eedt.core_11.5.0.me201311281640\data\libraryset\1.4\mail.jar to C:\Users\Administrator\.m2\repository\javax\mail\mail\1.3.1\mail-1.3.1.jar
2018-06-19 10:15:30,178 [Worker-1] INFO  o.e.m.c.i.embedder.EclipseLogger - Installing C:\Users\ADMINI~1\AppData\Local\Temp\mvninstall8924157209121348418.pom to C:\Users\Administrator\.m2\repository\javax\mail\mail\1.3.1\mail-1.3.1.pom
2018-06-19 10:15:30,204 [Worker-1] INFO  c.n.h.c.p.n.NettyAsyncHttpProvider - Number of application's worked threads is 8
2018-06-19 10:15:30,581 [New I/O client worker #31-1] INFO  o.e.m.c.i.e.AbstractTransferListenerAdapter - Downloaded http://repo.maven.apache.org/maven2/javax/xml/namespace/1.0.1/namespace-1.0.1.jar
2018-06-19 10:15:30,617 [Worker-1] INFO  o.e.m.c.i.embedder.EclipseLogger - Installing C:\Users\Administrator\MyEclipse Professional 2014\plugins\com.genuitec.eclipse.j2eedt.core_11.5.0.me201311281640\data\libraryset\1.4\namespace.jar to C:\Users\Administrator\.m2\repository\javax\xml\namespace\1.0.1\namespace-1.0.1.jar
2018-06-19 10:15:30,933 [Worker-1] INFO  o.e.m.c.i.embedder.EclipseLogger - Installing C:\Users\ADMINI~1\AppData\Local\Temp\mvninstall8905955440509968863.pom to C:\Users\Administrator\.m2\repository\javax\xml\namespace\1.0.1\namespace-1.0.1.pom
2018-06-19 10:15:30,970 [Worker-1] INFO  c.n.h.c.p.n.NettyAsyncHttpProvider - Number of application's worked threads is 8
2018-06-19 10:15:31,348 [New I/O client worker #32-1] INFO  o.e.m.c.i.e.AbstractTransferListenerAdapter - Downloaded http://repo.maven.apache.org/maven2/javax/sql/jdbc-stdext/2.0/jdbc-stdext-2.0.jar
2018-06-19 10:15:31,386 [Worker-1] INFO  o.e.m.c.i.embedder.EclipseLogger - Installing C:\Users\Administrator\MyEclipse Professional 2014\plugins\com.genuitec.eclipse.j2eedt.core_11.5.0.me201311281640\data\libraryset\JSTL1.0\lib\jdbc2_0-stdext.jar to C:\Users\Administrator\.m2\repository\javax\sql\jdbc-stdext\2.0\jdbc-stdext-2.0.jar
2018-06-19 10:15:31,662 [Worker-1] INFO  o.e.m.c.i.embedder.EclipseLogger - Installing C:\Users\ADMINI~1\AppData\Local\Temp\mvninstall5145811003896418729.pom to C:\Users\Administrator\.m2\repository\javax\sql\jdbc-stdext\2.0\jdbc-stdext-2.0.pom
2018-06-19 10:15:31,691 [Worker-1] INFO  c.n.h.c.p.n.NettyAsyncHttpProvider - Number of application's worked threads is 8
2018-06-19 10:15:32,066 [New I/O client worker #33-1] INFO  o.e.m.c.i.e.AbstractTransferListenerAdapter - Downloaded http://repo.maven.apache.org/maven2/javax/jts/jts/1.0/jts-1.0.jar
2018-06-19 10:15:32,113 [Worker-1] INFO  o.e.m.c.i.embedder.EclipseLogger - Installing C:\Users\Administrator\MyEclipse Professional 2014\plugins\com.genuitec.eclipse.j2eedt.core_11.5.0.me201311281640\data\libraryset\1.3\jts.jar to C:\Users\Administrator\.m2\repository\javax\jts\jts\1.0\jts-1.0.jar
2018-06-19 10:15:32,598 [Worker-1] INFO  o.e.m.c.i.embedder.EclipseLogger - Installing C:\Users\ADMINI~1\AppData\Local\Temp\mvninstall2050795699192940241.pom to C:\Users\Administrator\.m2\repository\javax\jts\jts\1.0\jts-1.0.pom
2018-06-19 10:15:32,628 [Worker-1] INFO  c.n.h.c.p.n.NettyAsyncHttpProvider - Number of application's worked threads is 8
2018-06-19 10:15:33,027 [New I/O client worker #34-1] INFO  o.e.m.c.i.e.AbstractTransferListenerAdapter - Downloaded http://repo.maven.apache.org/maven2/el-api/el-api/1.0/el-api-1.0.jar
2018-06-19 10:15:33,210 [Worker-1] INFO  o.e.m.c.i.embedder.EclipseLogger - Installing C:\Users\Administrator\MyEclipse Professional 2014\configuration\org.eclipse.osgi\bundles\99\1\.cp\data\facelets\lib\el-api.jar to C:\Users\Administrator\.m2\repository\el-api\el-api\1.0\el-api-1.0.jar
2018-06-19 10:15:35,142 [Worker-1] INFO  o.e.m.c.i.embedder.EclipseLogger - Installing C:\Users\ADMINI~1\AppData\Local\Temp\mvninstall7589002991821880325.pom to C:\Users\Administrator\.m2\repository\el-api\el-api\1.0\el-api-1.0.pom
2018-06-19 10:15:35,174 [Worker-1] INFO  c.n.h.c.p.n.NettyAsyncHttpProvider - Number of application's worked threads is 8
2018-06-19 10:15:35,546 [New I/O client worker #35-1] INFO  o.e.m.c.i.e.AbstractTransferListenerAdapter - Downloaded http://repo.maven.apache.org/maven2/el-ri/el-ri/1.0/el-ri-1.0.jar
2018-06-19 10:15:35,579 [Worker-1] INFO  o.e.m.c.i.embedder.EclipseLogger - Installing C:\Users\Administrator\MyEclipse Professional 2014\configuration\org.eclipse.osgi\bundles\99\1\.cp\data\facelets\lib\el-ri.jar to C:\Users\Administrator\.m2\repository\el-ri\el-ri\1.0\el-ri-1.0.jar
2018-06-19 10:15:36,398 [Worker-1] INFO  o.e.m.c.i.embedder.EclipseLogger - Installing C:\Users\ADMINI~1\AppData\Local\Temp\mvninstall4266120644314138291.pom to C:\Users\Administrator\.m2\repository\el-ri\el-ri\1.0\el-ri-1.0.pom
2018-06-19 10:15:37,161 [Worker-1] INFO  c.n.h.c.p.n.NettyAsyncHttpProvider - Number of application's worked threads is 8
2018-06-19 10:15:37,644 [New I/O client worker #36-1] INFO  o.e.m.c.i.e.AbstractTransferListenerAdapter - Downloaded http://repo.maven.apache.org/maven2/javax/faces/jsf-api/2.0.3/jsf-api-2.0.3.jar
2018-06-19 10:15:37,684 [Worker-1] INFO  o.e.m.c.i.embedder.EclipseLogger - Installing C:\Users\Administrator\MyEclipse Professional 2014\configuration\org.eclipse.osgi\bundles\99\1\.cp\data\2.0\Mojarra\jsf-api.jar to C:\Users\Administrator\.m2\repository\javax\faces\jsf-api\2.0.3\jsf-api-2.0.3.jar
2018-06-19 10:15:38,904 [Worker-1] INFO  o.e.m.c.i.embedder.EclipseLogger - Installing C:\Users\ADMINI~1\AppData\Local\Temp\mvninstall5004194729361245765.pom to C:\Users\Administrator\.m2\repository\javax\faces\jsf-api\2.0.3\jsf-api-2.0.3.pom
2018-06-19 10:15:38,933 [Worker-1] INFO  c.n.h.c.p.n.NettyAsyncHttpProvider - Number of application's worked threads is 8
2018-06-19 10:15:39,302 [New I/O client worker #37-1] INFO  o.e.m.c.i.e.AbstractTransferListenerAdapter - Downloaded http://repo.maven.apache.org/maven2/javax/faces/jsf-impl/2.0.3/jsf-impl-2.0.3.jar
2018-06-19 10:15:39,339 [Worker-1] INFO  o.e.m.c.i.embedder.EclipseLogger - Installing C:\Users\Administrator\MyEclipse Professional 2014\configuration\org.eclipse.osgi\bundles\99\1\.cp\data\2.0\Mojarra\jsf-impl.jar to C:\Users\Administrator\.m2\repository\javax\faces\jsf-impl\2.0.3\jsf-impl-2.0.3.jar
2018-06-19 10:15:40,215 [Worker-1] INFO  o.e.m.c.i.embedder.EclipseLogger - Installing C:\Users\ADMINI~1\AppData\Local\Temp\mvninstall4059100278969987208.pom to C:\Users\Administrator\.m2\repository\javax\faces\jsf-impl\2.0.3\jsf-impl-2.0.3.pom
2018-06-19 10:15:40,243 [Worker-1] INFO  c.n.h.c.p.n.NettyAsyncHttpProvider - Number of application's worked threads is 8
2018-06-19 10:15:40,665 [New I/O client worker #38-1] INFO  o.e.m.c.i.e.AbstractTransferListenerAdapter - Downloaded http://repo.maven.apache.org/maven2/org/jboss/cache/jbosscache-core/3.1.0/jbosscache-core-3.1.0.jar
2018-06-19 10:15:40,748 [Worker-1] INFO  o.e.m.c.i.embedder.EclipseLogger - Installing C:\Users\Administrator\MyEclipse Professional 2014\configuration\org.eclipse.osgi\bundles\101\1\.cp\myeclipse-data\3.3\lib\extra\jbosscache2\jbosscache-core-3.1.0.GA.jar to C:\Users\Administrator\.m2\repository\org\jboss\cache\jbosscache-core\3.1.0\jbosscache-core-3.1.0.jar
2018-06-19 10:15:41,834 [Worker-1] INFO  o.e.m.c.i.embedder.EclipseLogger - Installing C:\Users\ADMINI~1\AppData\Local\Temp\mvninstall7629161699170797144.pom to C:\Users\Administrator\.m2\repository\org\jboss\cache\jbosscache-core\3.1.0\jbosscache-core-3.1.0.pom
2018-06-19 10:15:41,860 [Worker-1] INFO  c.n.h.c.p.n.NettyAsyncHttpProvider - Number of application's worked threads is 8
2018-06-19 10:15:42,268 [New I/O client worker #39-1] INFO  o.e.m.c.i.e.AbstractTransferListenerAdapter - Downloaded http://repo.maven.apache.org/maven2/javax/resource/connector/1.0/connector-1.0.jar
2018-06-19 10:15:42,311 [Worker-1] INFO  o.e.m.c.i.embedder.EclipseLogger - Installing C:\Users\Administrator\MyEclipse Professional 2014\configuration\org.eclipse.osgi\bundles\101\1\.cp\myeclipse-data\2.1\lib\extra\connector.jar to C:\Users\Administrator\.m2\repository\javax\resource\connector\1.0\connector-1.0.jar
2018-06-19 10:15:42,839 [Worker-1] INFO  o.e.m.c.i.embedder.EclipseLogger - Installing C:\Users\ADMINI~1\AppData\Local\Temp\mvninstall3191206538363713219.pom to C:\Users\Administrator\.m2\repository\javax\resource\connector\1.0\connector-1.0.pom
2018-06-19 10:15:42,867 [Worker-1] INFO  c.n.h.c.p.n.NettyAsyncHttpProvider - Number of application's worked threads is 8
2018-06-19 10:15:43,264 [New I/O client worker #40-1] INFO  o.e.m.c.i.e.AbstractTransferListenerAdapter - Downloaded http://repo.maven.apache.org/maven2/javax/security/jacc/1.0/jacc-1.0.jar
2018-06-19 10:15:43,379 [Worker-1] INFO  o.e.m.c.i.embedder.EclipseLogger - Installing C:\Users\Administrator\MyEclipse Professional 2014\configuration\org.eclipse.osgi\bundles\101\1\.cp\myeclipse-data\3.0\lib\extra\jacc-1_0-fr.jar to C:\Users\Administrator\.m2\repository\javax\security\jacc\1.0\jacc-1.0.jar
2018-06-19 10:15:44,112 [Worker-1] INFO  o.e.m.c.i.embedder.EclipseLogger - Installing C:\Users\ADMINI~1\AppData\Local\Temp\mvninstall3134307516670744569.pom to C:\Users\Administrator\.m2\repository\javax\security\jacc\1.0\jacc-1.0.pom
2018-06-19 10:15:44,143 [Worker-1] INFO  c.n.h.c.p.n.NettyAsyncHttpProvider - Number of application's worked threads is 8
2018-06-19 10:15:44,531 [New I/O client worker #41-1] INFO  o.e.m.c.i.e.AbstractTransferListenerAdapter - Downloaded http://repo.maven.apache.org/maven2/javax/security/jaas/1.0.01/jaas-1.0.01.jar
2018-06-19 10:15:44,563 [Worker-1] INFO  o.e.m.c.i.embedder.EclipseLogger - Installing C:\Users\Administrator\MyEclipse Professional 2014\configuration\org.eclipse.osgi\bundles\101\1\.cp\myeclipse-data\3.0\lib\core\jaas.jar to C:\Users\Administrator\.m2\repository\javax\security\jaas\1.0.01\jaas-1.0.01.jar
2018-06-19 10:15:44,918 [Worker-1] INFO  o.e.m.c.i.embedder.EclipseLogger - Installing C:\Users\ADMINI~1\AppData\Local\Temp\mvninstall8552586920510735020.pom to C:\Users\Administrator\.m2\repository\javax\security\jaas\1.0.01\jaas-1.0.01.pom
2018-06-19 10:15:44,980 [Worker-1] INFO  c.n.h.c.p.n.NettyAsyncHttpProvider - Number of application's worked threads is 8
2018-06-19 10:15:45,378 [New I/O client worker #42-1] INFO  o.e.m.c.i.e.AbstractTransferListenerAdapter - Downloaded http://repo.maven.apache.org/maven2/javax/transaction/jta/1.0.1B/jta-1.0.1B.jar
2018-06-19 10:15:45,424 [Worker-1] INFO  o.e.m.c.i.embedder.EclipseLogger - Installing C:\Users\Administrator\MyEclipse Professional 2014\configuration\org.eclipse.osgi\bundles\101\1\.cp\myeclipse-data\2.1\lib\core\jta.jar to C:\Users\Administrator\.m2\repository\javax\transaction\jta\1.0.1B\jta-1.0.1B.jar
2018-06-19 10:15:45,799 [Worker-1] INFO  o.e.m.c.i.embedder.EclipseLogger - Installing C:\Users\ADMINI~1\AppData\Local\Temp\mvninstall6037370798606690267.pom to C:\Users\Administrator\.m2\repository\javax\transaction\jta\1.0.1B\jta-1.0.1B.pom
2018-06-19 10:15:45,831 [Worker-1] INFO  c.n.h.c.p.n.NettyAsyncHttpProvider - Number of application's worked threads is 8
2018-06-19 10:15:46,204 [New I/O client worker #43-1] INFO  o.e.m.c.i.e.AbstractTransferListenerAdapter - Downloaded http://repo.maven.apache.org/maven2/javassist/javassist/3.9.0/javassist-3.9.0.jar
2018-06-19 10:15:46,246 [Worker-1] INFO  o.e.m.c.i.embedder.EclipseLogger - Installing C:\Users\Administrator\MyEclipse Professional 2014\configuration\org.eclipse.osgi\bundles\101\1\.cp\myeclipse-data\3.3\lib\core\bytecode\javassist\javassist-3.9.0.GA.jar to C:\Users\Administrator\.m2\repository\javassist\javassist\3.9.0\javassist-3.9.0.jar
2018-06-19 10:15:47,412 [Worker-1] INFO  o.e.m.c.i.embedder.EclipseLogger - Installing C:\Users\ADMINI~1\AppData\Local\Temp\mvninstall624239764425731997.pom to C:\Users\Administrator\.m2\repository\javassist\javassist\3.9.0\javassist-3.9.0.pom
2018-06-19 10:15:47,439 [Worker-1] INFO  c.n.h.c.p.n.NettyAsyncHttpProvider - Number of application's worked threads is 8
2018-06-19 10:15:47,836 [New I/O client worker #44-1] INFO  o.e.m.c.i.e.AbstractTransferListenerAdapter - Downloaded http://repo.maven.apache.org/maven2/org/hibernate/hibernate/3.3.2/hibernate-3.3.2.jar
2018-06-19 10:15:47,875 [Worker-1] INFO  o.e.m.c.i.embedder.EclipseLogger - Installing C:\Users\Administrator\MyEclipse Professional 2014\configuration\org.eclipse.osgi\bundles\101\1\.cp\myeclipse-data\3.3\lib\core\hibernate3.jar to C:\Users\Administrator\.m2\repository\org\hibernate\hibernate\3.3.2\hibernate-3.3.2.jar
2018-06-19 10:15:48,487 [Worker-1] INFO  o.e.m.c.i.embedder.EclipseLogger - Installing C:\Users\ADMINI~1\AppData\Local\Temp\mvninstall5484729809639919877.pom to C:\Users\Administrator\.m2\repository\org\hibernate\hibernate\3.3.2\hibernate-3.3.2.pom
2018-06-19 10:15:48,524 [Worker-1] INFO  c.n.h.c.p.n.NettyAsyncHttpProvider - Number of application's worked threads is 8
2018-06-19 10:15:48,899 [New I/O client worker #45-1] INFO  o.e.m.c.i.e.AbstractTransferListenerAdapter - Downloaded http://repo.maven.apache.org/maven2/org/eclipse/persistence/javax.persistence/2.0.1/javax.persistence-2.0.1.jar
2018-06-19 10:15:48,933 [Worker-1] INFO  o.e.m.c.i.embedder.EclipseLogger - Installing C:\Users\Administrator\MyEclipse Professional 2014\configuration\org.eclipse.osgi\bundles\103\1\.cp\data\eclipselink\2.1\javax.persistence_2.0.1.v201006031150.jar to C:\Users\Administrator\.m2\repository\org\eclipse\persistence\javax.persistence\2.0.1\javax.persistence-2.0.1.jar
2018-06-19 10:15:49,321 [Worker-1] INFO  o.e.m.c.i.embedder.EclipseLogger - Installing C:\Users\ADMINI~1\AppData\Local\Temp\mvninstall3448490909109149560.pom to C:\Users\Administrator\.m2\repository\org\eclipse\persistence\javax.persistence\2.0.1\javax.persistence-2.0.1.pom
2018-06-19 10:15:49,355 [Worker-1] INFO  c.n.h.c.p.n.NettyAsyncHttpProvider - Number of application's worked threads is 8
2018-06-19 10:15:49,761 [New I/O client worker #46-1] INFO  o.e.m.c.i.e.AbstractTransferListenerAdapter - Downloaded http://repo.maven.apache.org/maven2/org/eclipse/persistence/eclipselink/2.1/eclipselink-2.1.jar
2018-06-19 10:15:49,799 [Worker-1] INFO  o.e.m.c.i.embedder.EclipseLogger - Installing C:\Users\Administrator\MyEclipse Professional 2014\configuration\org.eclipse.osgi\bundles\103\1\.cp\data\eclipselink\2.1\eclipselink.jar to C:\Users\Administrator\.m2\repository\org\eclipse\persistence\eclipselink\2.1\eclipselink-2.1.jar
2018-06-19 10:15:50,656 [Worker-1] INFO  o.e.m.c.i.embedder.EclipseLogger - Installing C:\Users\ADMINI~1\AppData\Local\Temp\mvninstall6167387744474751139.pom to C:\Users\Administrator\.m2\repository\org\eclipse\persistence\eclipselink\2.1\eclipselink-2.1.pom
2018-06-19 10:15:50,693 [Worker-1] INFO  c.n.h.c.p.n.NettyAsyncHttpProvider - Number of application's worked threads is 8
2018-06-19 10:15:51,067 [New I/O client worker #47-1] INFO  o.e.m.c.i.e.AbstractTransferListenerAdapter - Downloaded http://repo.maven.apache.org/maven2/org/eclipse/persistence/eclipselink-jpa-modelgen/2.1/eclipselink-jpa-modelgen-2.1.jar
2018-06-19 10:15:51,106 [Worker-1] INFO  o.e.m.c.i.embedder.EclipseLogger - Installing C:\Users\Administrator\MyEclipse Professional 2014\configuration\org.eclipse.osgi\bundles\103\1\.cp\data\eclipselink\2.1\eclipselink-jpa-modelgen_2.1.1.v20100817-r8050.jar to C:\Users\Administrator\.m2\repository\org\eclipse\persistence\eclipselink-jpa-modelgen\2.1\eclipselink-jpa-modelgen-2.1.jar
2018-06-19 10:15:51,384 [Worker-1] INFO  o.e.m.c.i.embedder.EclipseLogger - Installing C:\Users\ADMINI~1\AppData\Local\Temp\mvninstall433073362766178837.pom to C:\Users\Administrator\.m2\repository\org\eclipse\persistence\eclipselink-jpa-modelgen\2.1\eclipselink-jpa-modelgen-2.1.pom
2018-06-19 10:15:51,414 [Worker-1] INFO  c.n.h.c.p.n.NettyAsyncHttpProvider - Number of application's worked threads is 8
2018-06-19 10:15:51,792 [New I/O client worker #48-1] INFO  o.e.m.c.i.e.AbstractTransferListenerAdapter - Downloaded http://repo.maven.apache.org/maven2/org/eclipse/persistence/eclipselink-jpa-modelgen/2.5.1/eclipselink-jpa-modelgen-2.5.1.jar
2018-06-19 10:15:51,829 [Worker-1] INFO  o.e.m.c.i.embedder.EclipseLogger - Installing C:\Users\Administrator\MyEclipse Professional 2014\configuration\org.eclipse.osgi\bundles\103\1\.cp\data\eclipselink\2.5\org.eclipse.persistence.jpa.modelgen_2.5.1.v20130918-f2b9fc5.jar to C:\Users\Administrator\.m2\repository\org\eclipse\persistence\eclipselink-jpa-modelgen\2.5.1\eclipselink-jpa-modelgen-2.5.1.jar
2018-06-19 10:15:52,263 [Worker-1] INFO  o.e.m.c.i.embedder.EclipseLogger - Installing C:\Users\ADMINI~1\AppData\Local\Temp\mvninstall2048203783021086829.pom to C:\Users\Administrator\.m2\repository\org\eclipse\persistence\eclipselink-jpa-modelgen\2.5.1\eclipselink-jpa-modelgen-2.5.1.pom
2018-06-19 10:15:52,293 [Worker-1] INFO  c.n.h.c.p.n.NettyAsyncHttpProvider - Number of application's worked threads is 8
2018-06-19 10:15:52,674 [New I/O client worker #49-1] INFO  o.e.m.c.i.e.AbstractTransferListenerAdapter - Downloaded http://repo.maven.apache.org/maven2/jexcelapi/jxl/2.6.9/jxl-2.6.9.jar
2018-06-19 10:15:52,734 [Worker-1] INFO  o.e.m.c.i.embedder.EclipseLogger - Installing C:\Users\Administrator\MyEclipse Professional 2014\configuration\org.eclipse.osgi\bundles\104\1\.cp\data\2.5\lib\jexcelapi\jxl.jar to C:\Users\Administrator\.m2\repository\jexcelapi\jxl\2.6.9\jxl-2.6.9.jar
2018-06-19 10:15:54,004 [Worker-1] INFO  o.e.m.c.i.embedder.EclipseLogger - Installing C:\Users\ADMINI~1\AppData\Local\Temp\mvninstall7867593072377111640.pom to C:\Users\Administrator\.m2\repository\jexcelapi\jxl\2.6.9\jxl-2.6.9.pom
2018-06-19 10:15:54,050 [Worker-1] INFO  c.n.h.c.p.n.NettyAsyncHttpProvider - Number of application's worked threads is 8
2018-06-19 10:15:54,473 [New I/O client worker #50-1] INFO  o.e.m.c.i.e.AbstractTransferListenerAdapter - Downloaded http://repo.maven.apache.org/maven2/com/jamonapi/jamon/2.7/jamon-2.7.jar
2018-06-19 10:15:54,514 [Worker-1] INFO  o.e.m.c.i.embedder.EclipseLogger - Installing C:\Users\Administrator\MyEclipse Professional 2014\configuration\org.eclipse.osgi\bundles\104\1\.cp\data\2.5\lib\jamon\jamon-2.7.jar to C:\Users\Administrator\.m2\repository\com\jamonapi\jamon\2.7\jamon-2.7.jar
2018-06-19 10:15:55,588 [Worker-1] INFO  o.e.m.c.i.embedder.EclipseLogger - Installing C:\Users\ADMINI~1\AppData\Local\Temp\mvninstall6400043312190818533.pom to C:\Users\Administrator\.m2\repository\com\jamonapi\jamon\2.7\jamon-2.7.pom
2018-06-19 10:15:55,615 [Worker-1] INFO  c.n.h.c.p.n.NettyAsyncHttpProvider - Number of application's worked threads is 8
2018-06-19 10:15:56,019 [New I/O client worker #51-1] INFO  o.e.m.c.i.e.AbstractTransferListenerAdapter - Downloaded http://repo.maven.apache.org/maven2/org/ow2/easybeans/quartz/1.6.1/quartz-1.6.1.jar
2018-06-19 10:15:56,066 [Worker-1] INFO  o.e.m.c.i.embedder.EclipseLogger - Installing C:\Users\Administrator\MyEclipse Professional 2014\configuration\org.eclipse.osgi\bundles\104\1\.cp\data\2.5\lib\quartz\quartz-all-1.6.1.jar to C:\Users\Administrator\.m2\repository\org\ow2\easybeans\quartz\1.6.1\quartz-1.6.1.jar
2018-06-19 10:15:56,769 [Worker-1] INFO  o.e.m.c.i.embedder.EclipseLogger - Installing C:\Users\ADMINI~1\AppData\Local\Temp\mvninstall4003400913719932277.pom to C:\Users\Administrator\.m2\repository\org\ow2\easybeans\quartz\1.6.1\quartz-1.6.1.pom
2018-06-19 10:15:56,805 [Worker-1] INFO  c.n.h.c.p.n.NettyAsyncHttpProvider - Number of application's worked threads is 8
2018-06-19 10:15:57,222 [New I/O client worker #52-1] INFO  o.e.m.c.i.e.AbstractTransferListenerAdapter - Downloaded http://repo.maven.apache.org/maven2/org/springframework/javaconfig/spring-javaconfig/1.0.0.m4/spring-javaconfig-1.0.0.m4.jar
2018-06-19 10:15:57,302 [Worker-1] INFO  o.e.m.c.i.embedder.EclipseLogger - Installing C:\Users\Administrator\MyEclipse Professional 2014\configuration\org.eclipse.osgi\bundles\104\1\.cp\data\javaconfig\org.springframework.config.java-1.0.0.M4.jar to C:\Users\Administrator\.m2\repository\org\springframework\javaconfig\spring-javaconfig\1.0.0.m4\spring-javaconfig-1.0.0.m4.jar
2018-06-19 10:15:57,988 [Worker-1] INFO  o.e.m.c.i.embedder.EclipseLogger - Installing C:\Users\ADMINI~1\AppData\Local\Temp\mvninstall7488108631253839202.pom to C:\Users\Administrator\.m2\repository\org\springframework\javaconfig\spring-javaconfig\1.0.0.m4\spring-javaconfig-1.0.0.m4.pom
2018-06-19 10:15:58,016 [Worker-1] INFO  c.n.h.c.p.n.NettyAsyncHttpProvider - Number of application's worked threads is 8
2018-06-19 10:15:58,409 [New I/O client worker #53-1] INFO  o.e.m.c.i.e.AbstractTransferListenerAdapter - Downloaded http://repo.maven.apache.org/maven2/com/sun/jmx/jmxri/1.2.1/jmxri-1.2.1.jar
2018-06-19 10:15:58,462 [Worker-1] INFO  o.e.m.c.i.embedder.EclipseLogger - Installing C:\Users\Administrator\MyEclipse Professional 2014\configuration\org.eclipse.osgi\bundles\104\1\.cp\data\1.2\lib\dependencies\jmx\jmxri.jar to C:\Users\Administrator\.m2\repository\com\sun\jmx\jmxri\1.2.1\jmxri-1.2.1.jar
2018-06-19 10:15:59,827 [Worker-1] INFO  o.e.m.c.i.embedder.EclipseLogger - Installing C:\Users\ADMINI~1\AppData\Local\Temp\mvninstall2122092114993953499.pom to C:\Users\Administrator\.m2\repository\com\sun\jmx\jmxri\1.2.1\jmxri-1.2.1.pom
2018-06-19 10:15:59,852 [Worker-1] INFO  c.n.h.c.p.n.NettyAsyncHttpProvider - Number of application's worked threads is 8
2018-06-19 10:16:00,229 [New I/O client worker #54-1] INFO  o.e.m.c.i.e.AbstractTransferListenerAdapter - Downloaded http://repo.maven.apache.org/maven2/javax/management/jmxremote/1.0.1_04/jmxremote-1.0.1_04.jar
2018-06-19 10:16:00,271 [Worker-1] INFO  o.e.m.c.i.embedder.EclipseLogger - Installing C:\Users\Administrator\MyEclipse Professional 2014\configuration\org.eclipse.osgi\bundles\104\1\.cp\data\1.2\lib\dependencies\jmx\jmxremote.jar to C:\Users\Administrator\.m2\repository\javax\management\jmxremote\1.0.1_04\jmxremote-1.0.1_04.jar
2018-06-19 10:16:01,229 [Worker-1] INFO  o.e.m.c.i.embedder.EclipseLogger - Installing C:\Users\ADMINI~1\AppData\Local\Temp\mvninstall8891591322206194604.pom to C:\Users\Administrator\.m2\repository\javax\management\jmxremote\1.0.1_04\jmxremote-1.0.1_04.pom
2018-06-19 10:16:01,258 [Worker-1] INFO  c.n.h.c.p.n.NettyAsyncHttpProvider - Number of application's worked threads is 8
2018-06-19 10:16:01,634 [New I/O client worker #55-1] INFO  o.e.m.c.i.e.AbstractTransferListenerAdapter - Downloaded http://repo.maven.apache.org/maven2/javax/management/jmxremote_optional/1.0.1_04/jmxremote_optional-1.0.1_04.jar
2018-06-19 10:16:01,670 [Worker-1] INFO  o.e.m.c.i.embedder.EclipseLogger - Installing C:\Users\Administrator\MyEclipse Professional 2014\configuration\org.eclipse.osgi\bundles\104\1\.cp\data\1.2\lib\dependencies\jmx\jmxremote_optional.jar to C:\Users\Administrator\.m2\repository\javax\management\jmxremote_optional\1.0.1_04\jmxremote_optional-1.0.1_04.jar
2018-06-19 10:16:02,279 [Worker-1] INFO  o.e.m.c.i.embedder.EclipseLogger - Installing C:\Users\ADMINI~1\AppData\Local\Temp\mvninstall6663975098716093106.pom to C:\Users\Administrator\.m2\repository\javax\management\jmxremote_optional\1.0.1_04\jmxremote_optional-1.0.1_04.pom
2018-06-19 10:16:02,307 [Worker-1] INFO  c.n.h.c.p.n.NettyAsyncHttpProvider - Number of application's worked threads is 8
2018-06-19 10:16:02,699 [New I/O client worker #56-1] INFO  o.e.m.c.i.e.AbstractTransferListenerAdapter - Downloaded http://repo.maven.apache.org/maven2/javax/management/jmxri/1.2.1/jmxri-1.2.1.jar
2018-06-19 10:16:02,737 [Worker-1] INFO  o.e.m.c.i.embedder.EclipseLogger - Installing C:\Users\Administrator\MyEclipse Professional 2014\configuration\org.eclipse.osgi\bundles\104\1\.cp\data\1.2\lib\dependencies\jmx\jmxri.jar to C:\Users\Administrator\.m2\repository\javax\management\jmxri\1.2.1\jmxri-1.2.1.jar
2018-06-19 10:16:03,476 [Worker-1] INFO  o.e.m.c.i.embedder.EclipseLogger - Installing C:\Users\ADMINI~1\AppData\Local\Temp\mvninstall3237517286603572848.pom to C:\Users\Administrator\.m2\repository\javax\management\jmxri\1.2.1\jmxri-1.2.1.pom
2018-06-19 10:16:03,527 [Worker-1] INFO  c.n.h.c.p.n.NettyAsyncHttpProvider - Number of application's worked threads is 8
2018-06-19 10:16:03,995 [New I/O client worker #57-1] INFO  o.e.m.c.i.e.AbstractTransferListenerAdapter - Downloaded http://repo.maven.apache.org/maven2/jdo/jdo/1.0.1/jdo-1.0.1.jar
2018-06-19 10:16:04,035 [Worker-1] INFO  o.e.m.c.i.embedder.EclipseLogger - Installing C:\Users\Administrator\MyEclipse Professional 2014\configuration\org.eclipse.osgi\bundles\104\1\.cp\data\1.2\lib\dependencies\jdo\jdo2.jar to C:\Users\Administrator\.m2\repository\jdo\jdo\1.0.1\jdo-1.0.1.jar
2018-06-19 10:16:05,618 [Worker-1] INFO  o.e.m.c.i.embedder.EclipseLogger - Installing C:\Users\ADMINI~1\AppData\Local\Temp\mvninstall2625979216648529763.pom to C:\Users\Administrator\.m2\repository\jdo\jdo\1.0.1\jdo-1.0.1.pom
2018-06-19 10:16:05,643 [Worker-1] INFO  c.n.h.c.p.n.NettyAsyncHttpProvider - Number of application's worked threads is 8
2018-06-19 10:16:06,033 [New I/O client worker #58-1] INFO  o.e.m.c.i.e.AbstractTransferListenerAdapter - Downloaded http://repo.maven.apache.org/maven2/com/bea/wlplatform/commonj-twm/1.1/commonj-twm-1.1.jar
2018-06-19 10:16:06,079 [Worker-1] INFO  o.e.m.c.i.embedder.EclipseLogger - Installing C:\Users\Administrator\MyEclipse Professional 2014\configuration\org.eclipse.osgi\bundles\104\1\.cp\data\2.0\lib\commonj\commonj-twm.jar to C:\Users\Administrator\.m2\repository\com\bea\wlplatform\commonj-twm\1.1\commonj-twm-1.1.jar
2018-06-19 10:16:07,003 [Worker-1] INFO  o.e.m.c.i.embedder.EclipseLogger - Installing C:\Users\ADMINI~1\AppData\Local\Temp\mvninstall6381039569038768188.pom to C:\Users\Administrator\.m2\repository\com\bea\wlplatform\commonj-twm\1.1\commonj-twm-1.1.pom
2018-06-19 10:16:07,056 [Worker-1] INFO  c.n.h.c.p.n.NettyAsyncHttpProvider - Number of application's worked threads is 8
2018-06-19 10:16:11,377 [New I/O client worker #59-1] INFO  o.e.m.c.i.e.AbstractTransferListenerAdapter - Downloaded http://repo.maven.apache.org/maven2/com/oracle/toplink/toplink/10.1.3/toplink-10.1.3.jar
2018-06-19 10:16:11,427 [Worker-1] INFO  o.e.m.c.i.embedder.EclipseLogger - Installing C:\Users\Administrator\MyEclipse Professional 2014\configuration\org.eclipse.osgi\bundles\104\1\.cp\data\2.0\lib\toplink\toplink-api.jar to C:\Users\Administrator\.m2\repository\com\oracle\toplink\toplink\10.1.3\toplink-10.1.3.jar
2018-06-19 10:16:12,901 [Worker-1] INFO  o.e.m.c.i.embedder.EclipseLogger - Installing C:\Users\ADMINI~1\AppData\Local\Temp\mvninstall5891174675894493285.pom to C:\Users\Administrator\.m2\repository\com\oracle\toplink\toplink\10.1.3\toplink-10.1.3.pom
2018-06-19 10:16:12,935 [Worker-1] INFO  c.n.h.c.p.n.NettyAsyncHttpProvider - Number of application's worked threads is 8
2018-06-19 10:16:13,311 [New I/O client worker #60-1] INFO  o.e.m.c.i.e.AbstractTransferListenerAdapter - Downloaded http://repo.maven.apache.org/maven2/org/codehaus/groovy/1.0/groovy-1.0.jar
2018-06-19 10:16:13,342 [Worker-1] INFO  o.e.m.c.i.embedder.EclipseLogger - Installing C:\Users\Administrator\MyEclipse Professional 2014\configuration\org.eclipse.osgi\bundles\104\1\.cp\data\2.0\lib\groovy\groovy-1.0.jar to C:\Users\Administrator\.m2\repository\org\codehaus\groovy\1.0\groovy-1.0.jar
2018-06-19 10:16:14,735 [Worker-1] INFO  o.e.m.c.i.embedder.EclipseLogger - Installing C:\Users\ADMINI~1\AppData\Local\Temp\mvninstall2296694905717312627.pom to C:\Users\Administrator\.m2\repository\org\codehaus\groovy\1.0\groovy-1.0.pom
2018-06-19 10:16:14,757 [Worker-1] INFO  c.n.h.c.p.n.NettyAsyncHttpProvider - Number of application's worked threads is 8
2018-06-19 10:16:15,137 [New I/O client worker #61-1] INFO  o.e.m.c.i.e.AbstractTransferListenerAdapter - Downloaded http://repo.maven.apache.org/maven2/org/springframework/security/org.springframework.security.core/3.0.5.RELEASE/org.springframework.security.core-3.0.5.RELEASE.jar
2018-06-19 10:16:15,204 [Worker-1] INFO  o.e.m.c.i.embedder.EclipseLogger - Installing C:\Users\Administrator\MyEclipse Professional 2014\configuration\org.eclipse.osgi\bundles\105\1\.cp\data\security-3.0\spring-security-core-3.0.5.RELEASE.jar to C:\Users\Administrator\.m2\repository\org\springframework\security\org.springframework.security.core\3.0.5.RELEASE\org.springframework.security.core-3.0.5.RELEASE.jar
2018-06-19 10:16:15,840 [Worker-1] INFO  o.e.m.c.i.embedder.EclipseLogger - Installing C:\Users\ADMINI~1\AppData\Local\Temp\mvninstall6410219122769744434.pom to C:\Users\Administrator\.m2\repository\org\springframework\security\org.springframework.security.core\3.0.5.RELEASE\org.springframework.security.core-3.0.5.RELEASE.pom
2018-06-19 10:16:15,864 [Worker-1] INFO  c.n.h.c.p.n.NettyAsyncHttpProvider - Number of application's worked threads is 8
2018-06-19 10:16:16,256 [New I/O client worker #62-1] INFO  o.e.m.c.i.e.AbstractTransferListenerAdapter - Downloaded http://repo.maven.apache.org/maven2/org/springframework/security/org.springframework.security.web/3.0.5.RELEASE/org.springframework.security.web-3.0.5.RELEASE.jar
2018-06-19 10:16:16,695 [Worker-1] INFO  o.e.m.c.i.embedder.EclipseLogger - Installing C:\Users\Administrator\MyEclipse Professional 2014\configuration\org.eclipse.osgi\bundles\105\1\.cp\data\security-3.0\spring-security-web-3.0.5.RELEASE.jar to C:\Users\Administrator\.m2\repository\org\springframework\security\org.springframework.security.web\3.0.5.RELEASE\org.springframework.security.web-3.0.5.RELEASE.jar
2018-06-19 10:16:17,658 [Worker-1] INFO  o.e.m.c.i.embedder.EclipseLogger - Installing C:\Users\ADMINI~1\AppData\Local\Temp\mvninstall2131313644245818712.pom to C:\Users\Administrator\.m2\repository\org\springframework\security\org.springframework.security.web\3.0.5.RELEASE\org.springframework.security.web-3.0.5.RELEASE.pom
2018-06-19 10:16:17,716 [Worker-1] INFO  c.n.h.c.p.n.NettyAsyncHttpProvider - Number of application's worked threads is 8
2018-06-19 10:16:18,116 [New I/O client worker #63-1] INFO  o.e.m.c.i.e.AbstractTransferListenerAdapter - Downloaded http://repo.maven.apache.org/maven2/org/springframework/security/org.springframework.security.config/3.0.5.RELEASE/org.springframework.security.config-3.0.5.RELEASE.jar
2018-06-19 10:16:18,184 [Worker-1] INFO  o.e.m.c.i.embedder.EclipseLogger - Installing C:\Users\Administrator\MyEclipse Professional 2014\configuration\org.eclipse.osgi\bundles\105\1\.cp\data\security-3.0\spring-security-config-3.0.5.RELEASE.jar to C:\Users\Administrator\.m2\repository\org\springframework\security\org.springframework.security.config\3.0.5.RELEASE\org.springframework.security.config-3.0.5.RELEASE.jar
2018-06-19 10:16:18,849 [Worker-1] INFO  o.e.m.c.i.embedder.EclipseLogger - Installing C:\Users\ADMINI~1\AppData\Local\Temp\mvninstall8892221572140030968.pom to C:\Users\Administrator\.m2\repository\org\springframework\security\org.springframework.security.config\3.0.5.RELEASE\org.springframework.security.config-3.0.5.RELEASE.pom
2018-06-19 10:16:18,906 [Worker-1] INFO  c.n.h.c.p.n.NettyAsyncHttpProvider - Number of application's worked threads is 8
2018-06-19 10:16:19,321 [New I/O client worker #64-1] INFO  o.e.m.c.i.e.AbstractTransferListenerAdapter - Downloaded http://repo.maven.apache.org/maven2/org/springframework/security/org.springframework.security.ldap/3.0.5.RELEASE/org.springframework.security.ldap-3.0.5.RELEASE.jar
2018-06-19 10:16:19,393 [Worker-1] INFO  o.e.m.c.i.embedder.EclipseLogger - Installing C:\Users\Administrator\MyEclipse Professional 2014\configuration\org.eclipse.osgi\bundles\105\1\.cp\data\security-3.0\spring-security-ldap-3.0.5.RELEASE.jar to C:\Users\Administrator\.m2\repository\org\springframework\security\org.springframework.security.ldap\3.0.5.RELEASE\org.springframework.security.ldap-3.0.5.RELEASE.jar
2018-06-19 10:16:20,072 [Worker-1] INFO  o.e.m.c.i.embedder.EclipseLogger - Installing C:\Users\ADMINI~1\AppData\Local\Temp\mvninstall6257553237382754686.pom to C:\Users\Administrator\.m2\repository\org\springframework\security\org.springframework.security.ldap\3.0.5.RELEASE\org.springframework.security.ldap-3.0.5.RELEASE.pom
2018-06-19 10:16:20,095 [Worker-1] INFO  c.n.h.c.p.n.NettyAsyncHttpProvider - Number of application's worked threads is 8
2018-06-19 10:16:20,485 [New I/O client worker #65-1] INFO  o.e.m.c.i.e.AbstractTransferListenerAdapter - Downloaded http://repo.maven.apache.org/maven2/org/springframework/security/org.springframework.security.taglibs/3.0.5.RELEASE/org.springframework.security.taglibs-3.0.5.RELEASE.jar
2018-06-19 10:16:20,557 [Worker-1] INFO  o.e.m.c.i.embedder.EclipseLogger - Installing C:\Users\Administrator\MyEclipse Professional 2014\configuration\org.eclipse.osgi\bundles\105\1\.cp\data\security-3.0\spring-security-taglibs-3.0.5.RELEASE.jar to C:\Users\Administrator\.m2\repository\org\springframework\security\org.springframework.security.taglibs\3.0.5.RELEASE\org.springframework.security.taglibs-3.0.5.RELEASE.jar
2018-06-19 10:16:21,175 [Worker-1] INFO  o.e.m.c.i.embedder.EclipseLogger - Installing C:\Users\ADMINI~1\AppData\Local\Temp\mvninstall9082492784603330481.pom to C:\Users\Administrator\.m2\repository\org\springframework\security\org.springframework.security.taglibs\3.0.5.RELEASE\org.springframework.security.taglibs-3.0.5.RELEASE.pom
2018-06-19 10:16:21,211 [Worker-1] INFO  c.n.h.c.p.n.NettyAsyncHttpProvider - Number of application's worked threads is 8
2018-06-19 10:16:21,594 [New I/O client worker #66-1] INFO  o.e.m.c.i.e.AbstractTransferListenerAdapter - Downloaded http://repo.maven.apache.org/maven2/com/bea/commonj/com.springsource.commonj/1.1.0/com.springsource.commonj-1.1.0.jar
2018-06-19 10:16:21,627 [Worker-1] INFO  o.e.m.c.i.embedder.EclipseLogger - Installing C:\Users\Administrator\MyEclipse Professional 2014\configuration\org.eclipse.osgi\bundles\105\1\.cp\data\3.0\lib\misc\com.springsource.commonj-1.1.0.jar to C:\Users\Administrator\.m2\repository\com\bea\commonj\com.springsource.commonj\1.1.0\com.springsource.commonj-1.1.0.jar
2018-06-19 10:16:22,182 [Worker-1] INFO  o.e.m.c.i.embedder.EclipseLogger - Installing C:\Users\ADMINI~1\AppData\Local\Temp\mvninstall780735365375002418.pom to C:\Users\Administrator\.m2\repository\com\bea\commonj\com.springsource.commonj\1.1.0\com.springsource.commonj-1.1.0.pom
2018-06-19 10:16:22,212 [Worker-1] INFO  c.n.h.c.p.n.NettyAsyncHttpProvider - Number of application's worked threads is 8
2018-06-19 10:16:22,593 [New I/O client worker #67-1] INFO  o.e.m.c.i.e.AbstractTransferListenerAdapter - Downloaded http://repo.maven.apache.org/maven2/com/opensymphony/quartz/com.springsource.org.quartz/1.6.2/com.springsource.org.quartz-1.6.2.jar
2018-06-19 10:16:22,620 [Worker-1] INFO  o.e.m.c.i.embedder.EclipseLogger - Installing C:\Users\Administrator\MyEclipse Professional 2014\configuration\org.eclipse.osgi\bundles\105\1\.cp\data\3.0\lib\misc\com.springsource.org.quartz-1.6.2.jar to C:\Users\Administrator\.m2\repository\com\opensymphony\quartz\com.springsource.org.quartz\1.6.2\com.springsource.org.quartz-1.6.2.jar
2018-06-19 10:16:23,728 [Worker-1] INFO  o.e.m.c.i.embedder.EclipseLogger - Installing C:\Users\ADMINI~1\AppData\Local\Temp\mvninstall1397381792278787213.pom to C:\Users\Administrator\.m2\repository\com\opensymphony\quartz\com.springsource.org.quartz\1.6.2\com.springsource.org.quartz-1.6.2.pom
2018-06-19 10:16:23,751 [Worker-1] INFO  c.n.h.c.p.n.NettyAsyncHttpProvider - Number of application's worked threads is 8
2018-06-19 10:16:24,123 [New I/O client worker #68-1] INFO  o.e.m.c.i.e.AbstractTransferListenerAdapter - Downloaded http://repo.maven.apache.org/maven2/javax/jdo/jdo2-api/2.1.0/jdo2-api-2.1.0.jar
2018-06-19 10:16:24,162 [Worker-1] INFO  o.e.m.c.i.embedder.EclipseLogger - Installing C:\Users\Administrator\MyEclipse Professional 2014\configuration\org.eclipse.osgi\bundles\105\1\.cp\data\3.0\lib\persistJDO\com.springsource.javax.jdo-2.1.0.jar to C:\Users\Administrator\.m2\repository\javax\jdo\jdo2-api\2.1.0\jdo2-api-2.1.0.jar
2018-06-19 10:16:24,967 [Worker-1] INFO  o.e.m.c.i.embedder.EclipseLogger - Installing C:\Users\ADMINI~1\AppData\Local\Temp\mvninstall7803563042285539123.pom to C:\Users\Administrator\.m2\repository\javax\jdo\jdo2-api\2.1.0\jdo2-api-2.1.0.pom
2018-06-19 10:16:24,995 [Worker-1] INFO  c.n.h.c.p.n.NettyAsyncHttpProvider - Number of application's worked threads is 8
2018-06-19 10:16:25,398 [New I/O client worker #69-1] INFO  o.e.m.c.i.e.AbstractTransferListenerAdapter - Downloaded http://repo.maven.apache.org/maven2/com/caucho/com.springsource.com.caucho/3.2.1/com.springsource.com.caucho-3.2.1.jar
2018-06-19 10:16:25,435 [Worker-1] INFO  o.e.m.c.i.embedder.EclipseLogger - Installing C:\Users\Administrator\MyEclipse Professional 2014\configuration\org.eclipse.osgi\bundles\105\1\.cp\data\3.0\lib\remoting\com.springsource.com.caucho-3.2.1.jar to C:\Users\Administrator\.m2\repository\com\caucho\com.springsource.com.caucho\3.2.1\com.springsource.com.caucho-3.2.1.jar
2018-06-19 10:16:26,540 [Worker-1] INFO  o.e.m.c.i.embedder.EclipseLogger - Installing C:\Users\ADMINI~1\AppData\Local\Temp\mvninstall5218548350491452923.pom to C:\Users\Administrator\.m2\repository\com\caucho\com.springsource.com.caucho\3.2.1\com.springsource.com.caucho-3.2.1.pom
2018-06-19 10:16:26,569 [Worker-1] INFO  c.n.h.c.p.n.NettyAsyncHttpProvider - Number of application's worked threads is 8
2018-06-19 10:16:26,965 [New I/O client worker #70-1] INFO  o.e.m.c.i.e.AbstractTransferListenerAdapter - Downloaded http://repo.maven.apache.org/maven2/org/codehaus/jackson/com.springsource.org.codehaus.jackson.mapper/1.0.0/com.springsource.org.codehaus.jackson.mapper-1.0.0.jar
2018-06-19 10:16:27,022 [Worker-1] INFO  o.e.m.c.i.embedder.EclipseLogger - Installing C:\Users\Administrator\MyEclipse Professional 2014\configuration\org.eclipse.osgi\bundles\105\1\.cp\data\3.0\lib\web\com.springsource.org.codehaus.jackson.mapper-1.0.0.jar to C:\Users\Administrator\.m2\repository\org\codehaus\jackson\com.springsource.org.codehaus.jackson.mapper\1.0.0\com.springsource.org.codehaus.jackson.mapper-1.0.0.jar
2018-06-19 10:16:28,776 [Worker-1] INFO  o.e.m.c.i.embedder.EclipseLogger - Installing C:\Users\ADMINI~1\AppData\Local\Temp\mvninstall4188208064059683695.pom to C:\Users\Administrator\.m2\repository\org\codehaus\jackson\com.springsource.org.codehaus.jackson.mapper\1.0.0\com.springsource.org.codehaus.jackson.mapper-1.0.0.pom
2018-06-19 10:16:28,811 [Worker-1] INFO  c.n.h.c.p.n.NettyAsyncHttpProvider - Number of application's worked threads is 8
2018-06-19 10:16:29,236 [New I/O client worker #71-1] INFO  o.e.m.c.i.e.AbstractTransferListenerAdapter - Downloaded http://repo.maven.apache.org/maven2/org/junit/com.springsource.org.junit/4.7.0/com.springsource.org.junit-4.7.0.jar
2018-06-19 10:16:29,275 [Worker-1] INFO  o.e.m.c.i.embedder.EclipseLogger - Installing C:\Users\Administrator\MyEclipse Professional 2014\configuration\org.eclipse.osgi\bundles\105\1\.cp\data\3.0\lib\test\com.springsource.org.junit-4.7.0.jar to C:\Users\Administrator\.m2\repository\org\junit\com.springsource.org.junit\4.7.0\com.springsource.org.junit-4.7.0.jar
2018-06-19 10:16:31,629 [Worker-1] INFO  o.e.m.c.i.embedder.EclipseLogger - Installing C:\Users\ADMINI~1\AppData\Local\Temp\mvninstall7972458114707367246.pom to C:\Users\Administrator\.m2\repository\org\junit\com.springsource.org.junit\4.7.0\com.springsource.org.junit-4.7.0.pom
2018-06-19 10:16:31,665 [Worker-1] INFO  c.n.h.c.p.n.NettyAsyncHttpProvider - Number of application's worked threads is 8
2018-06-19 10:16:32,046 [New I/O client worker #72-1] INFO  o.e.m.c.i.e.AbstractTransferListenerAdapter - Downloaded http://repo.maven.apache.org/maven2/javax/inject/com.springsource.javax.inject/1.0.0/com.springsource.javax.inject-1.0.0.jar
2018-06-19 10:16:32,082 [Worker-1] INFO  o.e.m.c.i.embedder.EclipseLogger - Installing C:\Users\Administrator\MyEclipse Professional 2014\configuration\org.eclipse.osgi\bundles\105\1\.cp\data\3.0\lib\test\com.springsource.javax.inject-1.0.0.jar to C:\Users\Administrator\.m2\repository\javax\inject\com.springsource.javax.inject\1.0.0\com.springsource.javax.inject-1.0.0.jar
2018-06-19 10:16:33,947 [Worker-1] INFO  o.e.m.c.i.embedder.EclipseLogger - Installing C:\Users\ADMINI~1\AppData\Local\Temp\mvninstall8776989777603590791.pom to C:\Users\Administrator\.m2\repository\javax\inject\com.springsource.javax.inject\1.0.0\com.springsource.javax.inject-1.0.0.pom
2018-06-19 10:16:33,980 [Worker-1] INFO  c.n.h.c.p.n.NettyAsyncHttpProvider - Number of application's worked threads is 8
2018-06-19 10:16:34,435 [New I/O client worker #73-1] INFO  o.e.m.c.i.e.AbstractTransferListenerAdapter - Downloaded http://repo.maven.apache.org/maven2/org/apache/commons/com.springsource.org.apache.commons.lang/2.4.0/com.springsource.org.apache.commons.lang-2.4.0.jar
2018-06-19 10:16:34,472 [Worker-1] INFO  o.e.m.c.i.embedder.EclipseLogger - Installing C:\Users\Administrator\MyEclipse Professional 2014\configuration\org.eclipse.osgi\bundles\105\1\.cp\data\3.0\lib\persistJdbc\com.springsource.org.apache.commons.lang-2.4.0.jar to C:\Users\Administrator\.m2\repository\org\apache\commons\com.springsource.org.apache.commons.lang\2.4.0\com.springsource.org.apache.commons.lang-2.4.0.jar
2018-06-19 10:16:35,234 [Worker-1] INFO  o.e.m.c.i.embedder.EclipseLogger - Installing C:\Users\ADMINI~1\AppData\Local\Temp\mvninstall2181973640628496588.pom to C:\Users\Administrator\.m2\repository\org\apache\commons\com.springsource.org.apache.commons.lang\2.4.0\com.springsource.org.apache.commons.lang-2.4.0.pom
2018-06-19 10:16:35,268 [Worker-1] INFO  c.n.h.c.p.n.NettyAsyncHttpProvider - Number of application's worked threads is 8
2018-06-19 10:16:35,678 [New I/O client worker #74-1] INFO  o.e.m.c.i.e.AbstractTransferListenerAdapter - Downloaded http://repo.maven.apache.org/maven2/com/sun/jdmk/jmxtools/1.2.1/jmxtools-1.2.1.jar
2018-06-19 10:16:35,719 [Worker-1] INFO  o.e.m.c.i.embedder.EclipseLogger - Installing C:\Users\Administrator\MyEclipse Professional 2014\configuration\org.eclipse.osgi\bundles\105\1\.cp\data\3.0\lib\core\jmxtools-1.2.1.jar to C:\Users\Administrator\.m2\repository\com\sun\jdmk\jmxtools\1.2.1\jmxtools-1.2.1.jar
2018-06-19 10:16:36,355 [Worker-1] INFO  o.e.m.c.i.embedder.EclipseLogger - Installing C:\Users\ADMINI~1\AppData\Local\Temp\mvninstall4902118437550798448.pom to C:\Users\Administrator\.m2\repository\com\sun\jdmk\jmxtools\1.2.1\jmxtools-1.2.1.pom
2018-06-19 10:16:36,378 [Worker-1] INFO  c.n.h.c.p.n.NettyAsyncHttpProvider - Number of application's worked threads is 8
2018-06-19 10:16:36,767 [New I/O client worker #75-1] INFO  o.e.m.c.i.e.AbstractTransferListenerAdapter - Downloaded http://repo.maven.apache.org/maven2/org/aspectj/aspectjweaver/1.6.8.RELEASE/aspectjweaver-1.6.8.RELEASE.jar
2018-06-19 10:16:36,829 [Worker-1] INFO  o.e.m.c.i.embedder.EclipseLogger - Installing C:\Users\Administrator\MyEclipse Professional 2014\configuration\org.eclipse.osgi\bundles\105\1\.cp\data\3.0\lib\aop\com.springsource.org.aspectj.weaver-1.6.8.RELEASE.jar to C:\Users\Administrator\.m2\repository\org\aspectj\aspectjweaver\1.6.8.RELEASE\aspectjweaver-1.6.8.RELEASE.jar
2018-06-19 10:16:38,207 [Worker-1] INFO  o.e.m.c.i.embedder.EclipseLogger - Installing C:\Users\ADMINI~1\AppData\Local\Temp\mvninstall8831352770266495337.pom to C:\Users\Administrator\.m2\repository\org\aspectj\aspectjweaver\1.6.8.RELEASE\aspectjweaver-1.6.8.RELEASE.pom
2018-06-19 10:16:38,243 [Worker-1] INFO  c.n.h.c.p.n.NettyAsyncHttpProvider - Number of application's worked threads is 8
2018-06-19 10:16:38,637 [New I/O client worker #76-1] INFO  o.e.m.c.i.e.AbstractTransferListenerAdapter - Downloaded http://repo.maven.apache.org/maven2/com/google/code/guice/guice/2.0/guice-2.0.jar
2018-06-19 10:16:38,680 [Worker-1] INFO  o.e.m.c.i.embedder.EclipseLogger - Installing C:\Users\Administrator\MyEclipse Professional 2014\configuration\org.eclipse.osgi\bundles\106\1\.cp\data\security-3.1\deps\guice-2.0.jar to C:\Users\Administrator\.m2\repository\com\google\code\guice\guice\2.0\guice-2.0.jar
2018-06-19 10:16:39,460 [Worker-1] INFO  o.e.m.c.i.embedder.EclipseLogger - Installing C:\Users\ADMINI~1\AppData\Local\Temp\mvninstall1350768565613848071.pom to C:\Users\Administrator\.m2\repository\com\google\code\guice\guice\2.0\guice-2.0.pom
2018-06-19 10:16:39,479 [Worker-1] INFO  c.n.h.c.p.n.NettyAsyncHttpProvider - Number of application's worked threads is 8
2018-06-19 10:16:39,850 [New I/O client worker #77-1] INFO  o.e.m.c.i.e.AbstractTransferListenerAdapter - Downloaded http://repo.maven.apache.org/maven2/jdo/jdori/1.0.1/jdori-1.0.1.jar
2018-06-19 10:16:39,882 [Worker-1] INFO  o.e.m.c.i.embedder.EclipseLogger - Installing C:\Users\Administrator\MyEclipse Professional 2014\configuration\org.eclipse.osgi\bundles\108\1\.cp\dependencies\jdori-1.0.1.jar to C:\Users\Administrator\.m2\repository\jdo\jdori\1.0.1\jdori-1.0.1.jar
2018-06-19 10:16:40,359 [Worker-1] INFO  o.e.m.c.i.embedder.EclipseLogger - Installing C:\Users\ADMINI~1\AppData\Local\Temp\mvninstall2636971744513046275.pom to C:\Users\Administrator\.m2\repository\jdo\jdori\1.0.1\jdori-1.0.1.pom
2018-06-19 10:16:40,391 [Worker-1] INFO  c.n.h.c.p.n.NettyAsyncHttpProvider - Number of application's worked threads is 8
2018-06-19 10:16:40,784 [New I/O client worker #78-1] INFO  o.e.m.c.i.e.AbstractTransferListenerAdapter - Downloaded http://repo.maven.apache.org/maven2/javax/jws/jsr181/1.0/jsr181-1.0.jar
2018-06-19 10:16:40,823 [Worker-1] INFO  o.e.m.c.i.embedder.EclipseLogger - Installing C:\Users\Administrator\MyEclipse Professional 2014\configuration\org.eclipse.osgi\bundles\108\1\.cp\dependencies\jsr181-api.jar to C:\Users\Administrator\.m2\repository\javax\jws\jsr181\1.0\jsr181-1.0.jar
2018-06-19 10:16:41,325 [Worker-1] INFO  o.e.m.c.i.embedder.EclipseLogger - Installing C:\Users\ADMINI~1\AppData\Local\Temp\mvninstall6322150887471062187.pom to C:\Users\Administrator\.m2\repository\javax\jws\jsr181\1.0\jsr181-1.0.pom
2018-06-19 10:16:41,353 [Worker-1] INFO  c.n.h.c.p.n.NettyAsyncHttpProvider - Number of application's worked threads is 8
2018-06-19 10:16:41,739 [New I/O client worker #79-1] INFO  o.e.m.c.i.e.AbstractTransferListenerAdapter - Downloaded http://repo.maven.apache.org/maven2/javax/xml/jaxr-api/1.0_03/jaxr-api-1.0_03.jar
2018-06-19 10:16:41,771 [Worker-1] INFO  o.e.m.c.i.embedder.EclipseLogger - Installing C:\Users\Administrator\MyEclipse Professional 2014\configuration\org.eclipse.osgi\bundles\108\1\.cp\dependencies\jaxr-api.jar to C:\Users\Administrator\.m2\repository\javax\xml\jaxr-api\1.0_03\jaxr-api-1.0_03.jar
2018-06-19 10:16:42,313 [Worker-1] INFO  o.e.m.c.i.embedder.EclipseLogger - Installing C:\Users\ADMINI~1\AppData\Local\Temp\mvninstall5308308659069008898.pom to C:\Users\Administrator\.m2\repository\javax\xml\jaxr-api\1.0_03\jaxr-api-1.0_03.pom
2018-06-19 10:16:42,338 [Worker-1] INFO  c.n.h.c.p.n.NettyAsyncHttpProvider - Number of application's worked threads is 8
2018-06-19 10:16:42,709 [New I/O client worker #80-1] INFO  o.e.m.c.i.e.AbstractTransferListenerAdapter - Downloaded http://repo.maven.apache.org/maven2/org/eclipse/persistence/eclipselink/1.0.2/eclipselink-1.0.2.jar
2018-06-19 10:16:42,744 [Worker-1] INFO  o.e.m.c.i.embedder.EclipseLogger - Installing C:\Users\Administrator\MyEclipse Professional 2014\configuration\org.eclipse.osgi\bundles\122\1\.cp\data\eclipselink\1.0\eclipselink.jar to C:\Users\Administrator\.m2\repository\org\eclipse\persistence\eclipselink\1.0.2\eclipselink-1.0.2.jar
2018-06-19 10:16:44,761 [Worker-1] INFO  o.e.m.c.i.embedder.EclipseLogger - Installing C:\Users\ADMINI~1\AppData\Local\Temp\mvninstall5853940816777216834.pom to C:\Users\Administrator\.m2\repository\org\eclipse\persistence\eclipselink\1.0.2\eclipselink-1.0.2.pom
2018-06-19 10:16:44,786 [Worker-1] INFO  c.n.h.c.p.n.NettyAsyncHttpProvider - Number of application's worked threads is 8
2018-06-19 10:16:45,224 [New I/O client worker #81-1] INFO  o.e.m.c.i.e.AbstractTransferListenerAdapter - Downloaded http://repo.maven.apache.org/maven2/org/eclipse/persistence/javax.persistence/1.0.0/javax.persistence-1.0.0.jar
2018-06-19 10:16:45,262 [Worker-1] INFO  o.e.m.c.i.embedder.EclipseLogger - Installing C:\Users\Administrator\MyEclipse Professional 2014\configuration\org.eclipse.osgi\bundles\122\1\.cp\data\eclipselink\1.0\javax.persistence_1.0.0.jar to C:\Users\Administrator\.m2\repository\org\eclipse\persistence\javax.persistence\1.0.0\javax.persistence-1.0.0.jar
2018-06-19 10:16:46,140 [Worker-1] INFO  o.e.m.c.i.embedder.EclipseLogger - Installing C:\Users\ADMINI~1\AppData\Local\Temp\mvninstall105093828231520252.pom to C:\Users\Administrator\.m2\repository\org\eclipse\persistence\javax.persistence\1.0.0\javax.persistence-1.0.0.pom
2018-06-19 10:16:46,164 [Worker-1] INFO  c.n.h.c.p.n.NettyAsyncHttpProvider - Number of application's worked threads is 8
2018-06-19 10:16:46,559 [New I/O client worker #82-1] INFO  o.e.m.c.i.e.AbstractTransferListenerAdapter - Downloaded http://repo.maven.apache.org/maven2/javax/jms/jms/1.1/jms-1.1.jar
2018-06-19 10:16:46,587 [Worker-1] INFO  o.e.m.c.i.embedder.EclipseLogger - Installing C:\Users\Administrator\MyEclipse Professional 2014\configuration\org.eclipse.osgi\bundles\122\1\.cp\data\openjpa\0.9\geronimo-jms_1.1_spec-1.0.1.jar to C:\Users\Administrator\.m2\repository\javax\jms\jms\1.1\jms-1.1.jar
2018-06-19 10:16:47,307 [Worker-1] INFO  o.e.m.c.i.embedder.EclipseLogger - Installing C:\Users\ADMINI~1\AppData\Local\Temp\mvninstall600568734315801094.pom to C:\Users\Administrator\.m2\repository\javax\jms\jms\1.1\jms-1.1.pom
2018-06-19 10:16:47,326 [Worker-1] INFO  c.n.h.c.p.n.NettyAsyncHttpProvider - Number of application's worked threads is 8
2018-06-19 10:16:47,706 [New I/O client worker #83-1] INFO  o.e.m.c.i.e.AbstractTransferListenerAdapter - Downloaded http://repo.maven.apache.org/maven2/myeclipse/pluto-taglib/1.0.1/pluto-taglib-1.0.1.jar
2018-06-19 10:16:47,732 [Worker-1] INFO  o.e.m.c.i.embedder.EclipseLogger - Installing C:\Users\Administrator\MyEclipse Professional 2014\configuration\org.eclipse.osgi\bundles\123\1\.cp\data\lib\jsr168\pluto-taglib-1.0.1.jar to C:\Users\Administrator\.m2\repository\myeclipse\pluto-taglib\1.0.1\pluto-taglib-1.0.1.jar
2018-06-19 10:16:48,569 [Worker-1] INFO  o.e.m.c.i.embedder.EclipseLogger - Installing C:\Users\ADMINI~1\AppData\Local\Temp\mvninstall8757672943306147344.pom to C:\Users\Administrator\.m2\repository\myeclipse\pluto-taglib\1.0.1\pluto-taglib-1.0.1.pom
2018-06-19 10:16:48,589 [Worker-1] INFO  c.n.h.c.p.n.NettyAsyncHttpProvider - Number of application's worked threads is 8
2018-06-19 10:16:48,968 [New I/O client worker #84-1] INFO  o.e.m.c.i.e.AbstractTransferListenerAdapter - Downloaded http://repo.maven.apache.org/maven2/myeclipse/pluto-taglib/2.0/pluto-taglib-2.0.jar
2018-06-19 10:16:48,996 [Worker-1] INFO  o.e.m.c.i.embedder.EclipseLogger - Installing C:\Users\Administrator\MyEclipse Professional 2014\configuration\org.eclipse.osgi\bundles\123\1\.cp\data\lib\jsr286\pluto-taglib-2.0.0.jar to C:\Users\Administrator\.m2\repository\myeclipse\pluto-taglib\2.0\pluto-taglib-2.0.jar
2018-06-19 10:16:49,634 [Worker-1] INFO  o.e.m.c.i.embedder.EclipseLogger - Installing C:\Users\ADMINI~1\AppData\Local\Temp\mvninstall7702826446722667403.pom to C:\Users\Administrator\.m2\repository\myeclipse\pluto-taglib\2.0\pluto-taglib-2.0.pom
2018-06-19 10:16:49,660 [Worker-1] INFO  c.n.h.c.p.n.NettyAsyncHttpProvider - Number of application's worked threads is 8
2018-06-19 10:16:50,045 [New I/O client worker #85-1] INFO  o.e.m.c.i.e.AbstractTransferListenerAdapter - Downloaded http://repo.maven.apache.org/maven2/myeclipse-reports/chartengineapi/2.2.0/chartengineapi-2.2.0.jar
2018-06-19 10:16:50,086 [Worker-1] INFO  o.e.m.c.i.embedder.EclipseLogger - Installing C:\Users\Administrator\MyEclipse Professional 2014\configuration\org.eclipse.osgi\bundles\124\1\.cp\data\2.2\chartengineapi.jar to C:\Users\Administrator\.m2\repository\myeclipse-reports\chartengineapi\2.2.0\chartengineapi-2.2.0.jar
2018-06-19 10:16:51,401 [Worker-1] INFO  o.e.m.c.i.embedder.EclipseLogger - Installing C:\Users\ADMINI~1\AppData\Local\Temp\mvninstall6088263605419727107.pom to C:\Users\Administrator\.m2\repository\myeclipse-reports\chartengineapi\2.2.0\chartengineapi-2.2.0.pom
2018-06-19 10:16:54,374 [Worker-1] INFO  c.n.h.c.p.n.NettyAsyncHttpProvider - Number of application's worked threads is 8
2018-06-19 10:16:54,760 [New I/O client worker #86-1] INFO  o.e.m.c.i.e.AbstractTransferListenerAdapter - Downloaded http://repo.maven.apache.org/maven2/myeclipse-reports/coreapi/2.2.0/coreapi-2.2.0.jar
2018-06-19 10:16:54,807 [Worker-1] INFO  o.e.m.c.i.embedder.EclipseLogger - Installing C:\Users\Administrator\MyEclipse Professional 2014\configuration\org.eclipse.osgi\bundles\124\1\.cp\data\2.2\coreapi.jar to C:\Users\Administrator\.m2\repository\myeclipse-reports\coreapi\2.2.0\coreapi-2.2.0.jar
2018-06-19 10:16:55,937 [Worker-1] INFO  o.e.m.c.i.embedder.EclipseLogger - Installing C:\Users\ADMINI~1\AppData\Local\Temp\mvninstall2909663132006436830.pom to C:\Users\Administrator\.m2\repository\myeclipse-reports\coreapi\2.2.0\coreapi-2.2.0.pom
2018-06-19 10:16:55,965 [Worker-1] INFO  c.n.h.c.p.n.NettyAsyncHttpProvider - Number of application's worked threads is 8
2018-06-19 10:16:56,521 [New I/O client worker #87-1] INFO  o.e.m.c.i.e.AbstractTransferListenerAdapter - Downloaded http://repo.maven.apache.org/maven2/myeclipse-reports/dataadapterapi/2.2.0/dataadapterapi-2.2.0.jar
2018-06-19 10:16:56,548 [Worker-1] INFO  o.e.m.c.i.embedder.EclipseLogger - Installing C:\Users\Administrator\MyEclipse Professional 2014\configuration\org.eclipse.osgi\bundles\124\1\.cp\data\2.2\dataadapterapi.jar to C:\Users\Administrator\.m2\repository\myeclipse-reports\dataadapterapi\2.2.0\dataadapterapi-2.2.0.jar
2018-06-19 10:16:56,968 [Worker-1] INFO  o.e.m.c.i.embedder.EclipseLogger - Installing C:\Users\ADMINI~1\AppData\Local\Temp\mvninstall4332967917690749961.pom to C:\Users\Administrator\.m2\repository\myeclipse-reports\dataadapterapi\2.2.0\dataadapterapi-2.2.0.pom
2018-06-19 10:16:56,992 [Worker-1] INFO  c.n.h.c.p.n.NettyAsyncHttpProvider - Number of application's worked threads is 8
2018-06-19 10:16:57,362 [New I/O client worker #88-1] INFO  o.e.m.c.i.e.AbstractTransferListenerAdapter - Downloaded http://repo.maven.apache.org/maven2/myeclipse-reports/dteapi/2.2.0/dteapi-2.2.0.jar
2018-06-19 10:16:57,424 [Worker-1] INFO  o.e.m.c.i.embedder.EclipseLogger - Installing C:\Users\Administrator\MyEclipse Professional 2014\configuration\org.eclipse.osgi\bundles\124\1\.cp\data\2.2\dteapi.jar to C:\Users\Administrator\.m2\repository\myeclipse-reports\dteapi\2.2.0\dteapi-2.2.0.jar
2018-06-19 10:16:57,946 [Worker-1] INFO  o.e.m.c.i.embedder.EclipseLogger - Installing C:\Users\ADMINI~1\AppData\Local\Temp\mvninstall3651567169102810890.pom to C:\Users\Administrator\.m2\repository\myeclipse-reports\dteapi\2.2.0\dteapi-2.2.0.pom
2018-06-19 10:16:58,186 [Worker-1] INFO  c.n.h.c.p.n.NettyAsyncHttpProvider - Number of application's worked threads is 8
2018-06-19 10:16:58,579 [New I/O client worker #89-1] INFO  o.e.m.c.i.e.AbstractTransferListenerAdapter - Downloaded http://repo.maven.apache.org/maven2/myeclipse-reports/engineapi/2.2.0/engineapi-2.2.0.jar
2018-06-19 10:17:03,469 [Worker-3] ERROR o.e.m.c.i.i.nexus.NexusIndexManager - Unable to update index for central|http://repo.maven.apache.org/maven2
java.io.IOException: null
	at org.eclipse.m2e.core.internal.index.nexus.AsyncFetcher$PipedErrorInputStream.checkError(AsyncFetcher.java:251) ~[org.eclipse.m2e.core_1.4.0.me201310171809.jar:na]
	at org.eclipse.m2e.core.internal.index.nexus.AsyncFetcher$PipedErrorInputStream.read(AsyncFetcher.java:259) ~[org.eclipse.m2e.core_1.4.0.me201310171809.jar:na]
	at java.io.PipedInputStream.read(PipedInputStream.java:378) ~[na:1.7.0_45]
	at java.io.InputStream.read(InputStream.java:101) ~[na:1.7.0_45]
	at org.codehaus.plexus.util.IOUtil.copy(IOUtil.java:188) ~[plexus-utils-2.0.6.jar:na]
	at org.codehaus.plexus.util.IOUtil.copy(IOUtil.java:174) ~[plexus-utils-2.0.6.jar:na]
	at org.codehaus.plexus.util.FileUtils.copyStreamToFile(FileUtils.java:1143) ~[plexus-utils-2.0.6.jar:na]
	at org.apache.maven.index.updater.DefaultIndexUpdater$LocalCacheIndexAdaptor.setIndexFile(DefaultIndexUpdater.java:700) ~[indexer-core-3.1.0.jar:3.1.0]
	at org.apache.maven.index.updater.DefaultIndexUpdater.fetchAndUpdateIndex(DefaultIndexUpdater.java:844) ~[indexer-core-3.1.0.jar:3.1.0]
	at org.apache.maven.index.updater.DefaultIndexUpdater.fetchAndUpdateIndex(DefaultIndexUpdater.java:135) ~[indexer-core-3.1.0.jar:3.1.0]
	at org.eclipse.m2e.core.internal.index.nexus.NexusIndexManager.updateRemoteIndex(NexusIndexManager.java:1237) [org.eclipse.m2e.core_1.4.0.me201310171809.jar:na]
	at org.eclipse.m2e.core.internal.index.nexus.NexusIndexManager.updateIndex(NexusIndexManager.java:1192) [org.eclipse.m2e.core_1.4.0.me201310171809.jar:na]
	at org.eclipse.m2e.core.internal.index.nexus.NexusIndexManager$1.run(NexusIndexManager.java:707) [org.eclipse.m2e.core_1.4.0.me201310171809.jar:na]
	at org.eclipse.m2e.core.internal.index.nexus.IndexUpdaterJob.run(IndexUpdaterJob.java:72) [org.eclipse.m2e.core_1.4.0.me201310171809.jar:na]
	at org.eclipse.core.internal.jobs.Worker.run(Worker.java:53) [org.eclipse.core.jobs_3.5.300.v20130429-1813.jar:na]
java.util.concurrent.CancellationException: null
	at com.ning.http.client.providers.netty.NettyResponseFuture.cancel(NettyResponseFuture.java:154) ~[na:na]
	at org.eclipse.m2e.core.internal.index.nexus.AsyncFetcher.cancel(AsyncFetcher.java:92) ~[na:na]
	at org.eclipse.m2e.core.internal.index.nexus.AsyncFetcher$MonitorListener.checkCancelled(AsyncFetcher.java:274) ~[na:na]
	at org.eclipse.m2e.core.internal.index.nexus.AsyncFetcher$MonitorListener.onStatus(AsyncFetcher.java:279) ~[na:na]
	at com.ning.http.client.SimpleAsyncHttpClient$BodyConsumerAsyncHandler.fireStatus(SimpleAsyncHttpClient.java:828) ~[na:na]
	at com.ning.http.client.SimpleAsyncHttpClient$BodyConsumerAsyncHandler.onStatusReceived(SimpleAsyncHttpClient.java:779) ~[na:na]
	at com.ning.http.client.providers.netty.NettyAsyncHttpProvider.updateStatusAndInterrupt(NettyAsyncHttpProvider.java:1587) ~[na:na]
	at com.ning.http.client.providers.netty.NettyAsyncHttpProvider.messageReceived(NettyAsyncHttpProvider.java:1242) ~[na:na]
	at org.jboss.netty.channel.SimpleChannelUpstreamHandler.handleUpstream(SimpleChannelUpstreamHandler.java:80) ~[na:na]
	at org.jboss.netty.channel.DefaultChannelPipeline.sendUpstream(DefaultChannelPipeline.java:564) ~[na:na]
	at org.jboss.netty.channel.DefaultChannelPipeline$DefaultChannelHandlerContext.sendUpstream(DefaultChannelPipeline.java:783) ~[na:na]
	at org.jboss.netty.handler.stream.ChunkedWriteHandler.handleUpstream(ChunkedWriteHandler.java:149) ~[na:na]
	at org.jboss.netty.channel.DefaultChannelPipeline.sendUpstream(DefaultChannelPipeline.java:564) ~[na:na]
	at org.jboss.netty.channel.DefaultChannelPipeline$DefaultChannelHandlerContext.sendUpstream(DefaultChannelPipeline.java:783) ~[na:na]
	at org.jboss.netty.handler.codec.http.HttpContentDecoder.messageReceived(HttpContentDecoder.java:104) ~[na:na]
	at org.jboss.netty.channel.SimpleChannelUpstreamHandler.handleUpstream(SimpleChannelUpstreamHandler.java:80) ~[na:na]
	at org.jboss.netty.channel.DefaultChannelPipeline.sendUpstream(DefaultChannelPipeline.java:564) ~[na:na]
	at org.jboss.netty.channel.DefaultChannelPipeline$DefaultChannelHandlerContext.sendUpstream(DefaultChannelPipeline.java:783) ~[na:na]
	at org.jboss.netty.channel.Channels.fireMessageReceived(Channels.java:302) ~[na:na]
	at org.jboss.netty.handler.codec.replay.ReplayingDecoder.unfoldAndFireMessageReceived(ReplayingDecoder.java:522) ~[na:na]
	at org.jboss.netty.handler.codec.replay.ReplayingDecoder.callDecode(ReplayingDecoder.java:506) ~[na:na]
	at org.jboss.netty.handler.codec.replay.ReplayingDecoder.messageReceived(ReplayingDecoder.java:443) ~[na:na]
	at org.jboss.netty.channel.SimpleChannelUpstreamHandler.handleUpstream(SimpleChannelUpstreamHandler.java:80) ~[na:na]
	at org.jboss.netty.handler.codec.http.HttpClientCodec.handleUpstream(HttpClientCodec.java:77) ~[na:na]
	at org.jboss.netty.channel.DefaultChannelPipeline.sendUpstream(DefaultChannelPipeline.java:564) ~[na:na]
	at org.jboss.netty.channel.DefaultChannelPipeline.sendUpstream(DefaultChannelPipeline.java:559) ~[na:na]
	at org.jboss.netty.channel.Channels.fireMessageReceived(Channels.java:274) ~[na:na]
	at org.jboss.netty.channel.Channels.fireMessageReceived(Channels.java:261) ~[na:na]
	at org.jboss.netty.channel.socket.nio.NioWorker.read(NioWorker.java:349) ~[na:na]
	at org.jboss.netty.channel.socket.nio.NioWorker.processSelectedKeys(NioWorker.java:280) ~[na:na]
	at org.jboss.netty.channel.socket.nio.NioWorker.run(NioWorker.java:200) ~[na:na]
	at org.jboss.netty.util.ThreadRenamingRunnable.run(ThreadRenamingRunnable.java:108) ~[na:na]
	at org.jboss.netty.util.internal.DeadLockProofWorker$1.run(DeadLockProofWorker.java:44) ~[na:na]
	at java.util.concurrent.ThreadPoolExecutor.runWorker(ThreadPoolExecutor.java:1145) ~[na:1.7.0_45]
	at java.util.concurrent.ThreadPoolExecutor$Worker.run(ThreadPoolExecutor.java:615) ~[na:1.7.0_45]
	at java.lang.Thread.run(Thread.java:744) ~[na:1.7.0_45]
2018-06-19 10:21:47,424 [main] INFO  c.g.e.m.h.c.ui.Html5AppCoreUIPlugin - Pluging started
2018-06-19 10:21:53,728 [Worker-3] INFO  o.e.m.c.i.i.nexus.NexusIndexManager - Updating index for repository: central|http://repo.maven.apache.org/maven2
2018-06-19 10:21:53,869 [Worker-3] INFO  c.n.h.c.p.n.NettyAsyncHttpProvider - Number of application's worked threads is 8
2018-06-19 10:24:01,731 [Worker-3] ERROR o.e.m.c.i.i.nexus.NexusIndexManager - Unable to update index for central|http://repo.maven.apache.org/maven2
java.io.IOException: null
	at org.eclipse.m2e.core.internal.index.nexus.AsyncFetcher$PipedErrorInputStream.checkError(AsyncFetcher.java:251) ~[org.eclipse.m2e.core_1.4.0.me201310171809.jar:na]
	at org.eclipse.m2e.core.internal.index.nexus.AsyncFetcher$PipedErrorInputStream.read(AsyncFetcher.java:259) ~[org.eclipse.m2e.core_1.4.0.me201310171809.jar:na]
	at java.io.PipedInputStream.read(PipedInputStream.java:378) ~[na:1.7.0_45]
	at java.io.InputStream.read(InputStream.java:101) ~[na:1.7.0_45]
	at org.codehaus.plexus.util.IOUtil.copy(IOUtil.java:188) ~[plexus-utils-2.0.6.jar:na]
	at org.codehaus.plexus.util.IOUtil.copy(IOUtil.java:174) ~[plexus-utils-2.0.6.jar:na]
	at org.codehaus.plexus.util.FileUtils.copyStreamToFile(FileUtils.java:1143) ~[plexus-utils-2.0.6.jar:na]
	at org.apache.maven.index.updater.DefaultIndexUpdater$LocalCacheIndexAdaptor.setIndexFile(DefaultIndexUpdater.java:700) ~[indexer-core-3.1.0.jar:3.1.0]
	at org.apache.maven.index.updater.DefaultIndexUpdater.fetchAndUpdateIndex(DefaultIndexUpdater.java:844) ~[indexer-core-3.1.0.jar:3.1.0]
	at org.apache.maven.index.updater.DefaultIndexUpdater.fetchAndUpdateIndex(DefaultIndexUpdater.java:135) ~[indexer-core-3.1.0.jar:3.1.0]
	at org.eclipse.m2e.core.internal.index.nexus.NexusIndexManager.updateRemoteIndex(NexusIndexManager.java:1237) [org.eclipse.m2e.core_1.4.0.me201310171809.jar:na]
	at org.eclipse.m2e.core.internal.index.nexus.NexusIndexManager.updateIndex(NexusIndexManager.java:1192) [org.eclipse.m2e.core_1.4.0.me201310171809.jar:na]
	at org.eclipse.m2e.core.internal.index.nexus.NexusIndexManager$1.run(NexusIndexManager.java:707) [org.eclipse.m2e.core_1.4.0.me201310171809.jar:na]
	at org.eclipse.m2e.core.internal.index.nexus.IndexUpdaterJob.run(IndexUpdaterJob.java:72) [org.eclipse.m2e.core_1.4.0.me201310171809.jar:na]
	at org.eclipse.core.internal.jobs.Worker.run(Worker.java:53) [org.eclipse.core.jobs_3.5.300.v20130429-1813.jar:na]
java.util.concurrent.CancellationException: null
	at com.ning.http.client.providers.netty.NettyResponseFuture.cancel(NettyResponseFuture.java:154) ~[na:na]
	at org.eclipse.m2e.core.internal.index.nexus.AsyncFetcher.cancel(AsyncFetcher.java:92) ~[na:na]
	at org.eclipse.m2e.core.internal.index.nexus.AsyncFetcher$MonitorListener.checkCancelled(AsyncFetcher.java:274) ~[na:na]
	at org.eclipse.m2e.core.internal.index.nexus.AsyncFetcher$MonitorListener.onStatus(AsyncFetcher.java:279) ~[na:na]
	at com.ning.http.client.SimpleAsyncHttpClient$BodyConsumerAsyncHandler.fireStatus(SimpleAsyncHttpClient.java:828) ~[na:na]
	at com.ning.http.client.SimpleAsyncHttpClient$BodyConsumerAsyncHandler.onStatusReceived(SimpleAsyncHttpClient.java:779) ~[na:na]
	at com.ning.http.client.providers.netty.NettyAsyncHttpProvider.updateStatusAndInterrupt(NettyAsyncHttpProvider.java:1587) ~[na:na]
	at com.ning.http.client.providers.netty.NettyAsyncHttpProvider.messageReceived(NettyAsyncHttpProvider.java:1242) ~[na:na]
	at org.jboss.netty.channel.SimpleChannelUpstreamHandler.handleUpstream(SimpleChannelUpstreamHandler.java:80) ~[na:na]
	at org.jboss.netty.channel.DefaultChannelPipeline.sendUpstream(DefaultChannelPipeline.java:564) ~[na:na]
	at org.jboss.netty.channel.DefaultChannelPipeline$DefaultChannelHandlerContext.sendUpstream(DefaultChannelPipeline.java:783) ~[na:na]
	at org.jboss.netty.handler.stream.ChunkedWriteHandler.handleUpstream(ChunkedWriteHandler.java:149) ~[na:na]
	at org.jboss.netty.channel.DefaultChannelPipeline.sendUpstream(DefaultChannelPipeline.java:564) ~[na:na]
	at org.jboss.netty.channel.DefaultChannelPipeline$DefaultChannelHandlerContext.sendUpstream(DefaultChannelPipeline.java:783) ~[na:na]
	at org.jboss.netty.handler.codec.http.HttpContentDecoder.messageReceived(HttpContentDecoder.java:104) ~[na:na]
	at org.jboss.netty.channel.SimpleChannelUpstreamHandler.handleUpstream(SimpleChannelUpstreamHandler.java:80) ~[na:na]
	at org.jboss.netty.channel.DefaultChannelPipeline.sendUpstream(DefaultChannelPipeline.java:564) ~[na:na]
	at org.jboss.netty.channel.DefaultChannelPipeline$DefaultChannelHandlerContext.sendUpstream(DefaultChannelPipeline.java:783) ~[na:na]
	at org.jboss.netty.channel.Channels.fireMessageReceived(Channels.java:302) ~[na:na]
	at org.jboss.netty.handler.codec.replay.ReplayingDecoder.unfoldAndFireMessageReceived(ReplayingDecoder.java:522) ~[na:na]
	at org.jboss.netty.handler.codec.replay.ReplayingDecoder.callDecode(ReplayingDecoder.java:506) ~[na:na]
	at org.jboss.netty.handler.codec.replay.ReplayingDecoder.messageReceived(ReplayingDecoder.java:443) ~[na:na]
	at org.jboss.netty.channel.SimpleChannelUpstreamHandler.handleUpstream(SimpleChannelUpstreamHandler.java:80) ~[na:na]
	at org.jboss.netty.handler.codec.http.HttpClientCodec.handleUpstream(HttpClientCodec.java:77) ~[na:na]
	at org.jboss.netty.channel.DefaultChannelPipeline.sendUpstream(DefaultChannelPipeline.java:564) ~[na:na]
	at org.jboss.netty.channel.DefaultChannelPipeline.sendUpstream(DefaultChannelPipeline.java:559) ~[na:na]
	at org.jboss.netty.channel.Channels.fireMessageReceived(Channels.java:274) ~[na:na]
	at org.jboss.netty.channel.Channels.fireMessageReceived(Channels.java:261) ~[na:na]
	at org.jboss.netty.channel.socket.nio.NioWorker.read(NioWorker.java:349) ~[na:na]
	at org.jboss.netty.channel.socket.nio.NioWorker.processSelectedKeys(NioWorker.java:280) ~[na:na]
	at org.jboss.netty.channel.socket.nio.NioWorker.run(NioWorker.java:200) ~[na:na]
	at org.jboss.netty.util.ThreadRenamingRunnable.run(ThreadRenamingRunnable.java:108) ~[na:na]
	at org.jboss.netty.util.internal.DeadLockProofWorker$1.run(DeadLockProofWorker.java:44) ~[na:na]
	at java.util.concurrent.ThreadPoolExecutor.runWorker(ThreadPoolExecutor.java:1145) ~[na:1.7.0_45]
	at java.util.concurrent.ThreadPoolExecutor$Worker.run(ThreadPoolExecutor.java:615) ~[na:1.7.0_45]
	at java.lang.Thread.run(Thread.java:744) ~[na:1.7.0_45]
2018-06-19 14:24:53,161 [main] INFO  c.g.e.m.h.c.ui.Html5AppCoreUIPlugin - Pluging started
2018-06-19 14:25:34,337 [Worker-0] INFO  o.e.m.c.i.i.nexus.NexusIndexManager - Updating index for repository: central|http://repo.maven.apache.org/maven2
2018-06-19 14:25:37,207 [Worker-0] INFO  c.n.h.c.p.n.NettyAsyncHttpProvider - Number of application's worked threads is 8
2018-06-19 14:34:29,296 [main] INFO  c.g.e.m.h.c.ui.Html5AppCoreUIPlugin - Pluging started
2018-06-19 14:34:40,736 [Worker-5] INFO  o.e.m.c.i.i.nexus.NexusIndexManager - Updating index for repository: central|http://repo.maven.apache.org/maven2
2018-06-19 14:34:41,162 [Worker-5] INFO  c.n.h.c.p.n.NettyAsyncHttpProvider - Number of application's worked threads is 8
2018-06-19 15:55:05,206 [main] INFO  c.g.e.m.h.c.ui.Html5AppCoreUIPlugin - Pluging started
2018-06-19 15:55:19,316 [Worker-1] INFO  o.e.m.c.i.i.nexus.NexusIndexManager - Updating index for repository: central|http://repo.maven.apache.org/maven2
2018-06-19 15:55:20,805 [Worker-1] INFO  c.n.h.c.p.n.NettyAsyncHttpProvider - Number of application's worked threads is 8
